<?xml version="1.0" encoding="UTF-8" ?>
<testsuite tests="3" failures="0" name="com.test.TestSolrJ" time="6.215" errors="2" skipped="0">
  <properties>
[...]
</properties>
  <testcase classname="com.test.TestSolrJ" name="testSave" time="2.301">
    <error message="Server refused connection at: http://localhost:8983/solr/mycore" type="org.apache.solr.client.solrj.SolrServerException">org.apache.solr.client.solrj.SolrServerException: Server refused connection at: http://localhost:8983/solr/mycore
	at org.apache.solr.client.solrj.impl.HttpSolrClient.executeMethod(HttpSolrClient.java:650)
	at org.apache.solr.client.solrj.impl.HttpSolrClient.request(HttpSolrClient.java:255)
	at org.apache.solr.client.solrj.impl.HttpSolrClient.request(HttpSolrClient.java:244)
	at org.apache.solr.client.solrj.SolrRequest.process(SolrRequest.java:194)
	at org.apache.solr.client.solrj.SolrClient.add(SolrClient.java:173)
	at org.apache.solr.client.solrj.SolrClient.add(SolrClient.java:138)
	at org.apache.solr.client.solrj.SolrClient.add(SolrClient.java:152)
	at com.test.TestSolrJ.testSave(TestSolrJ.java:35)
	at sun.reflect.NativeMethodAccessorImpl.invoke0(Native Method)
	at sun.reflect.NativeMethodAccessorImpl.invoke(NativeMethodAccessorImpl.java:62)
	at sun.reflect.DelegatingMethodAccessorImpl.invoke(DelegatingMethodAccessorImpl.java:43)
	at java.lang.reflect.Method.invoke(Method.java:498)
	at org.junit.runners.model.FrameworkMethod$1.runReflectiveCall(FrameworkMethod.java:50)
	at org.junit.internal.runners.model.ReflectiveCallable.run(ReflectiveCallable.java:12)
	at org.junit.runners.model.FrameworkMethod.invokeExplosively(FrameworkMethod.java:47)
	at org.junit.internal.runners.statements.InvokeMethod.evaluate(InvokeMethod.java:17)
	at org.springframework.test.context.junit4.statements.RunBeforeTestMethodCallbacks.evaluate(RunBeforeTestMethodCallbacks.java:75)
	at org.springframework.test.context.junit4.statements.RunAfterTestMethodCallbacks.evaluate(RunAfterTestMethodCallbacks.java:86)
	at org.springframework.test.context.junit4.statements.SpringRepeat.evaluate(SpringRepeat.java:84)
	at org.junit.runners.ParentRunner.runLeaf(ParentRunner.java:325)
	at org.springframework.test.context.junit4.SpringJUnit4ClassRunner.runChild(SpringJUnit4ClassRunner.java:254)
	at org.springframework.test.context.junit4.SpringJUnit4ClassRunner.runChild(SpringJUnit4ClassRunner.java:89)
	at org.junit.runners.ParentRunner$3.run(ParentRunner.java:290)
	at org.junit.runners.ParentRunner$1.schedule(ParentRunner.java:71)
	at org.junit.runners.ParentRunner.runChildren(ParentRunner.java:288)
	at org.junit.runners.ParentRunner.access$000(ParentRunner.java:58)
	at org.junit.runners.ParentRunner$2.evaluate(ParentRunner.java:268)
	at org.springframework.test.context.junit4.statements.RunBeforeTestClassCallbacks.evaluate(RunBeforeTestClassCallbacks.java:61)
	at org.springframework.test.context.junit4.statements.RunAfterTestClassCallbacks.evaluate(RunAfterTestClassCallbacks.java:70)
	at org.junit.runners.ParentRunner.run(ParentRunner.java:363)
	at org.springframework.test.context.junit4.SpringJUnit4ClassRunner.run(SpringJUnit4ClassRunner.java:193)
	at org.apache.maven.surefire.junit4.JUnit4Provider.execute(JUnit4Provider.java:252)
	at org.apache.maven.surefire.junit4.JUnit4Provider.executeTestSet(JUnit4Provider.java:141)
	at org.apache.maven.surefire.junit4.JUnit4Provider.invoke(JUnit4Provider.java:112)
	at sun.reflect.NativeMethodAccessorImpl.invoke0(Native Method)
	at sun.reflect.NativeMethodAccessorImpl.invoke(NativeMethodAccessorImpl.java:62)
	at sun.reflect.DelegatingMethodAccessorImpl.invoke(DelegatingMethodAccessorImpl.java:43)
	at java.lang.reflect.Method.invoke(Method.java:498)
	at org.apache.maven.surefire.util.ReflectionUtils.invokeMethodWithArray(ReflectionUtils.java:189)
	at org.apache.maven.surefire.booter.ProviderFactory$ProviderProxy.invoke(ProviderFactory.java:165)
	at org.apache.maven.surefire.booter.ProviderFactory.invokeProvider(ProviderFactory.java:85)
	at org.apache.maven.surefire.booter.ForkedBooter.runSuitesInProcess(ForkedBooter.java:115)
	at org.apache.maven.surefire.booter.ForkedBooter.main(ForkedBooter.java:75)
Caused by: org.apache.http.conn.HttpHostConnectException: Connect to localhost:8983 [localhost/127.0.0.1, localhost/0:0:0:0:0:0:0:1] failed: Connection refused: connect
	at org.apache.http.impl.conn.DefaultHttpClientConnectionOperator.connect(DefaultHttpClientConnectionOperator.java:159)
	at org.apache.http.impl.conn.PoolingHttpClientConnectionManager.connect(PoolingHttpClientConnectionManager.java:359)
	at org.apache.http.impl.execchain.MainClientExec.establishRoute(MainClientExec.java:381)
	at org.apache.http.impl.execchain.MainClientExec.execute(MainClientExec.java:237)
	at org.apache.http.impl.execchain.ProtocolExec.execute(ProtocolExec.java:185)
	at org.apache.http.impl.execchain.RetryExec.execute(RetryExec.java:89)
	at org.apache.http.impl.execchain.RedirectExec.execute(RedirectExec.java:111)
	at org.apache.http.impl.client.InternalHttpClient.doExecute(InternalHttpClient.java:185)
	at org.apache.http.impl.client.CloseableHttpClient.execute(CloseableHttpClient.java:83)
	at org.apache.http.impl.client.CloseableHttpClient.execute(CloseableHttpClient.java:56)
	at org.apache.solr.client.solrj.impl.HttpSolrClient.executeMethod(HttpSolrClient.java:542)
	... 42 more
Caused by: java.net.ConnectException: Connection refused: connect
	at java.net.DualStackPlainSocketImpl.waitForConnect(Native Method)
	at java.net.DualStackPlainSocketImpl.socketConnect(DualStackPlainSocketImpl.java:85)
	at java.net.AbstractPlainSocketImpl.doConnect(AbstractPlainSocketImpl.java:350)
	at java.net.AbstractPlainSocketImpl.connectToAddress(AbstractPlainSocketImpl.java:206)
	at java.net.AbstractPlainSocketImpl.connect(AbstractPlainSocketImpl.java:188)
	at java.net.PlainSocketImpl.connect(PlainSocketImpl.java:172)
	at java.net.SocksSocketImpl.connect(SocksSocketImpl.java:392)
	at java.net.Socket.connect(Socket.java:589)
	at org.apache.http.conn.socket.PlainConnectionSocketFactory.connectSocket(PlainConnectionSocketFactory.java:75)
	at org.apache.http.impl.conn.DefaultHttpClientConnectionOperator.connect(DefaultHttpClientConnectionOperator.java:142)
	... 52 more
</error>
    <system-out>[DEBUG][main][2020-01-17 15:59:52][org.springframework.test.context.junit4.SpringJUnit4ClassRunner] - SpringJUnit4ClassRunner constructor called with [class com.test.TestSolrJ]
   [DEBUG][main][2020-01-17 15:59:52][org.springframework.test.context.BootstrapUtils] - Instantiating CacheAwareContextLoaderDelegate from class [org.springframework.test.context.cache.DefaultCacheAwareContextLoaderDelegate]
   [DEBUG][main][2020-01-17 15:59:52][org.springframework.test.context.BootstrapUtils] - Instantiating BootstrapContext using constructor [public org.springframework.test.context.support.DefaultBootstrapContext(java.lang.Class,org.springframework.test.context.CacheAwareContextLoaderDelegate)]
   [DEBUG][main][2020-01-17 15:59:52][org.springframework.test.context.BootstrapUtils] - Instantiating TestContextBootstrapper for test class [com.test.TestSolrJ] from class [org.springframework.test.context.support.DefaultTestContextBootstrapper]
   [DEBUG][main][2020-01-17 15:59:52][org.springframework.test.context.support.AbstractDelegatingSmartContextLoader] - Delegating to GenericXmlContextLoader to process context configuration [ContextConfigurationAttributes@1e127982 declaringClass = &apos;com.test.TestSolrJ&apos;, classes = &apos;{}&apos;, locations = &apos;{classpath:applicationContext-redis.xml, classpath:spring-mybatis.xml, classpath:applicationContext-activemq.xml, classpath:applicationContext-solr.xml}&apos;, inheritLocations = true, initializers = &apos;{}&apos;, inheritInitializers = true, name = [null], contextLoaderClass = &apos;org.springframework.test.context.ContextLoader&apos;].
   [DEBUG][main][2020-01-17 15:59:52][org.springframework.test.context.support.ActiveProfilesUtils] - Could not find an &apos;annotation declaring class&apos; for annotation type [org.springframework.test.context.ActiveProfiles] and class [com.test.TestSolrJ]
   [INFO][main][2020-01-17 15:59:52][org.springframework.test.context.support.AbstractTestContextBootstrapper] - Using TestExecutionListeners: [org.springframework.test.context.web.ServletTestExecutionListener@1d16f93d, org.springframework.test.context.support.DirtiesContextBeforeModesTestExecutionListener@67b92f0a, org.springframework.test.context.support.DependencyInjectionTestExecutionListener@2b9627bc, org.springframework.test.context.support.DirtiesContextTestExecutionListener@65e2dbf3]
   [DEBUG][main][2020-01-17 15:59:52][org.springframework.test.annotation.ProfileValueUtils] - Retrieved @ProfileValueSourceConfiguration [null] for test class [com.test.TestSolrJ]
   [DEBUG][main][2020-01-17 15:59:52][org.springframework.test.annotation.ProfileValueUtils] - Retrieved ProfileValueSource type [class org.springframework.test.annotation.SystemProfileValueSource] for class [com.test.TestSolrJ]
   [DEBUG][main][2020-01-17 15:59:52][org.springframework.test.annotation.ProfileValueUtils] - Retrieved @ProfileValueSourceConfiguration [null] for test class [com.test.TestSolrJ]
   [DEBUG][main][2020-01-17 15:59:52][org.springframework.test.annotation.ProfileValueUtils] - Retrieved ProfileValueSource type [class org.springframework.test.annotation.SystemProfileValueSource] for class [com.test.TestSolrJ]
   [DEBUG][main][2020-01-17 15:59:52][org.springframework.test.context.support.AbstractDirtiesContextTestExecutionListener] - Before test class: context [DefaultTestContext@35d176f7 testClass = TestSolrJ, testInstance = [null], testMethod = [null], testException = [null], mergedContextConfiguration = [MergedContextConfiguration@1dfe2924 testClass = TestSolrJ, locations = &apos;{classpath:applicationContext-redis.xml, classpath:spring-mybatis.xml, classpath:applicationContext-activemq.xml, classpath:applicationContext-solr.xml}&apos;, classes = &apos;{}&apos;, contextInitializerClasses = &apos;[]&apos;, activeProfiles = &apos;{}&apos;, propertySourceLocations = &apos;{}&apos;, propertySourceProperties = &apos;{}&apos;, contextLoader = &apos;org.springframework.test.context.support.DelegatingSmartContextLoader&apos;, parent = [null]]], class annotated with @DirtiesContext [false] with mode [null].
   [DEBUG][main][2020-01-17 15:59:52][org.springframework.test.annotation.ProfileValueUtils] - Retrieved @ProfileValueSourceConfiguration [null] for test class [com.test.TestSolrJ]
   [DEBUG][main][2020-01-17 15:59:52][org.springframework.test.annotation.ProfileValueUtils] - Retrieved ProfileValueSource type [class org.springframework.test.annotation.SystemProfileValueSource] for class [com.test.TestSolrJ]
   [DEBUG][main][2020-01-17 15:59:52][org.springframework.test.context.support.DependencyInjectionTestExecutionListener] - Performing dependency injection for test context [[DefaultTestContext@35d176f7 testClass = TestSolrJ, testInstance = com.test.TestSolrJ@22a67b4, testMethod = [null], testException = [null], mergedContextConfiguration = [MergedContextConfiguration@1dfe2924 testClass = TestSolrJ, locations = &apos;{classpath:applicationContext-redis.xml, classpath:spring-mybatis.xml, classpath:applicationContext-activemq.xml, classpath:applicationContext-solr.xml}&apos;, classes = &apos;{}&apos;, contextInitializerClasses = &apos;[]&apos;, activeProfiles = &apos;{}&apos;, propertySourceLocations = &apos;{}&apos;, propertySourceProperties = &apos;{}&apos;, contextLoader = &apos;org.springframework.test.context.support.DelegatingSmartContextLoader&apos;, parent = [null]]]].
   [DEBUG][main][2020-01-17 15:59:52][org.springframework.test.context.support.AbstractDelegatingSmartContextLoader] - Delegating to GenericXmlContextLoader to load context from [MergedContextConfiguration@1dfe2924 testClass = TestSolrJ, locations = &apos;{classpath:applicationContext-redis.xml, classpath:spring-mybatis.xml, classpath:applicationContext-activemq.xml, classpath:applicationContext-solr.xml}&apos;, classes = &apos;{}&apos;, contextInitializerClasses = &apos;[]&apos;, activeProfiles = &apos;{}&apos;, propertySourceLocations = &apos;{}&apos;, propertySourceProperties = &apos;{}&apos;, contextLoader = &apos;org.springframework.test.context.support.DelegatingSmartContextLoader&apos;, parent = [null]].
   [DEBUG][main][2020-01-17 15:59:52][org.springframework.test.context.support.AbstractGenericContextLoader] - Loading ApplicationContext for merged context configuration [[MergedContextConfiguration@1dfe2924 testClass = TestSolrJ, locations = &apos;{classpath:applicationContext-redis.xml, classpath:spring-mybatis.xml, classpath:applicationContext-activemq.xml, classpath:applicationContext-solr.xml}&apos;, classes = &apos;{}&apos;, contextInitializerClasses = &apos;[]&apos;, activeProfiles = &apos;{}&apos;, propertySourceLocations = &apos;{}&apos;, propertySourceProperties = &apos;{}&apos;, contextLoader = &apos;org.springframework.test.context.support.DelegatingSmartContextLoader&apos;, parent = [null]]].
   [DEBUG][main][2020-01-17 15:59:52][org.springframework.core.env.MutablePropertySources] - Adding [systemProperties] PropertySource with lowest search precedence
   [DEBUG][main][2020-01-17 15:59:52][org.springframework.core.env.MutablePropertySources] - Adding [systemEnvironment] PropertySource with lowest search precedence
   [DEBUG][main][2020-01-17 15:59:52][org.springframework.core.env.AbstractEnvironment] - Initialized StandardEnvironment with PropertySources [systemProperties,systemEnvironment]
   [INFO][main][2020-01-17 15:59:52][org.springframework.beans.factory.xml.XmlBeanDefinitionReader] - Loading XML bean definitions from class path resource [applicationContext-redis.xml]
   [DEBUG][main][2020-01-17 15:59:52][org.springframework.beans.factory.xml.DefaultDocumentLoader] - Using JAXP provider [com.sun.org.apache.xerces.internal.jaxp.DocumentBuilderFactoryImpl]
   [DEBUG][main][2020-01-17 15:59:52][org.springframework.beans.factory.xml.PluggableSchemaResolver] - Loading schema mappings from [META-INF/spring.schemas]
   [DEBUG][main][2020-01-17 15:59:52][org.springframework.beans.factory.xml.PluggableSchemaResolver] - Loaded schema mappings: {http://www.springframework.org/schema/tx/spring-tx-2.5.xsd=org/springframework/transaction/config/spring-tx-2.5.xsd, http://www.springframework.org/schema/cache/spring-cache-4.2.xsd=org/springframework/cache/config/spring-cache-4.2.xsd, http://www.springframework.org/schema/aop/spring-aop-4.1.xsd=org/springframework/aop/config/spring-aop-4.1.xsd, http://www.springframework.org/schema/context/spring-context-3.1.xsd=org/springframework/context/config/spring-context-3.1.xsd, http://www.springframework.org/schema/data/repository/spring-repository-1.4.xsd=org/springframework/data/repository/config/spring-repository-1.4.xsd, http://www.springframework.org/schema/jdbc/spring-jdbc-4.1.xsd=org/springframework/jdbc/config/spring-jdbc-4.1.xsd, http://www.springframework.org/schema/jms/spring-jms-2.5.xsd=org/springframework/jms/config/spring-jms-2.5.xsd, http://www.springframework.org/schema/util/spring-util-3.0.xsd=org/springframework/beans/factory/xml/spring-util-3.0.xsd, http://www.springframework.org/schema/mvc/spring-mvc-4.1.xsd=org/springframework/web/servlet/config/spring-mvc-4.1.xsd, http://www.springframework.org/schema/security/spring-security-3.0.3.xsd=org/springframework/security/config/spring-security-3.0.3.xsd, http://www.springframework.org/schema/security/spring-security-2.0.1.xsd=org/springframework/security/config/spring-security-2.0.1.xsd, http://mybatis.org/schema/mybatis-spring-1.2.xsd=org/mybatis/spring/config/mybatis-spring-1.2.xsd, http://www.springframework.org/schema/aop/spring-aop-3.2.xsd=org/springframework/aop/config/spring-aop-3.2.xsd, http://www.springframework.org/schema/tool/spring-tool.xsd=org/springframework/beans/factory/xml/spring-tool-4.2.xsd, http://www.springframework.org/schema/redis/spring-redis.xsd=org/springframework/data/redis/config/spring-redis-1.0.xsd, http://www.springframework.org/schema/lang/spring-lang-4.1.xsd=org/springframework/scripting/config/spring-lang-4.1.xsd, http://www.springframework.org/schema/context/spring-context-4.0.xsd=org/springframework/context/config/spring-context-4.0.xsd, http://www.springframework.org/schema/mvc/spring-mvc-3.2.xsd=org/springframework/web/servlet/config/spring-mvc-3.2.xsd, http://www.springframework.org/schema/beans/spring-beans-4.2.xsd=org/springframework/beans/factory/xml/spring-beans-4.2.xsd, http://www.springframework.org/schema/oxm/spring-oxm-3.0.xsd=org/springframework/oxm/config/spring-oxm-3.0.xsd, http://www.springframework.org/schema/tool/spring-tool-4.1.xsd=org/springframework/beans/factory/xml/spring-tool-4.1.xsd, http://www.springframework.org/schema/lang/spring-lang-3.2.xsd=org/springframework/scripting/config/spring-lang-3.2.xsd, http://www.springframework.org/schema/cache/spring-cache-3.2.xsd=org/springframework/cache/config/spring-cache-3.2.xsd, http://www.springframework.org/schema/jee/spring-jee-4.1.xsd=org/springframework/ejb/config/spring-jee-4.1.xsd, http://www.springframework.org/schema/jdbc/spring-jdbc-3.1.xsd=org/springframework/jdbc/config/spring-jdbc-3.1.xsd, http://www.springframework.org/schema/task/spring-task-4.2.xsd=org/springframework/scheduling/config/spring-task-4.2.xsd, http://www.springframework.org/schema/util/spring-util-2.0.xsd=org/springframework/beans/factory/xml/spring-util-2.0.xsd, http://www.springframework.org/schema/tool/spring-tool-3.2.xsd=org/springframework/beans/factory/xml/spring-tool-3.2.xsd, http://www.springframework.org/schema/context/spring-context.xsd=org/springframework/context/config/spring-context-4.2.xsd, http://www.springframework.org/schema/tx/spring-tx-4.2.xsd=org/springframework/transaction/config/spring-tx-4.2.xsd, http://www.springframework.org/schema/cache/spring-cache-4.1.xsd=org/springframework/cache/config/spring-cache-4.1.xsd, http://www.springframework.org/schema/aop/spring-aop-4.0.xsd=org/springframework/aop/config/spring-aop-4.0.xsd, http://www.springframework.org/schema/security/spring-security-2.0.xsd=org/springframework/security/config/spring-security-2.0.xsd, http://www.springframework.org/schema/jee/spring-jee-3.2.xsd=org/springframework/ejb/config/spring-jee-3.2.xsd, http://www.springframework.org/schema/context/spring-context-3.0.xsd=org/springframework/context/config/spring-context-3.0.xsd, http://www.springframework.org/schema/jdbc/spring-jdbc-4.0.xsd=org/springframework/jdbc/config/spring-jdbc-4.0.xsd, http://www.springframework.org/schema/util/spring-util-2.5.xsd=org/springframework/beans/factory/xml/spring-util-2.5.xsd, http://www.springframework.org/schema/mvc/spring-mvc-4.0.xsd=org/springframework/web/servlet/config/spring-mvc-4.0.xsd, http://www.springframework.org/schema/beans/spring-beans-3.2.xsd=org/springframework/beans/factory/xml/spring-beans-3.2.xsd, http://www.springframework.org/schema/aop/spring-aop-3.1.xsd=org/springframework/aop/config/spring-aop-3.1.xsd, http://www.springframework.org/schema/ldap/spring-ldap-2.0.xsd=org/springframework/ldap/config/spring-ldap-2.0.xsd, http://www.springframework.org/schema/lang/spring-lang-4.0.xsd=org/springframework/scripting/config/spring-lang-4.0.xsd, http://activemq.apache.org/schema/core=activemq.xsd, http://www.springframework.org/schema/data/repository/spring-repository-1.8.xsd=org/springframework/data/repository/config/spring-repository-1.8.xsd, http://www.springframework.org/schema/mvc/spring-mvc.xsd=org/springframework/web/servlet/config/spring-mvc-4.2.xsd, http://www.springframework.org/schema/mvc/spring-mvc-3.1.xsd=org/springframework/web/servlet/config/spring-mvc-3.1.xsd, http://www.springframework.org/schema/beans/spring-beans-4.1.xsd=org/springframework/beans/factory/xml/spring-beans-4.1.xsd, http://www.springframework.org/schema/redis/spring-redis-1.0.xsd=org/springframework/data/redis/config/spring-redis-1.0.xsd, http://www.springframework.org/schema/tool/spring-tool-4.0.xsd=org/springframework/beans/factory/xml/spring-tool-4.0.xsd, http://www.springframework.org/schema/lang/spring-lang-3.1.xsd=org/springframework/scripting/config/spring-lang-3.1.xsd, http://www.springframework.org/schema/tx/spring-tx-3.2.xsd=org/springframework/transaction/config/spring-tx-3.2.xsd, http://www.springframework.org/schema/cache/spring-cache-3.1.xsd=org/springframework/cache/config/spring-cache-3.1.xsd, http://www.springframework.org/schema/jms/spring-jms-4.2.xsd=org/springframework/jms/config/spring-jms-4.2.xsd, http://www.springframework.org/schema/jee/spring-jee-4.0.xsd=org/springframework/ejb/config/spring-jee-4.0.xsd, http://www.springframework.org/schema/jdbc/spring-jdbc-3.0.xsd=org/springframework/jdbc/config/spring-jdbc-3.0.xsd, http://www.springframework.org/schema/task/spring-task-4.1.xsd=org/springframework/scheduling/config/spring-task-4.1.xsd, http://www.springframework.org/schema/jdbc/spring-jdbc.xsd=org/springframework/jdbc/config/spring-jdbc-4.2.xsd, http://www.springframework.org/schema/tool/spring-tool-3.1.xsd=org/springframework/beans/factory/xml/spring-tool-3.1.xsd, http://www.springframework.org/schema/tx/spring-tx-4.1.xsd=org/springframework/transaction/config/spring-tx-4.1.xsd, http://www.springframework.org/schema/cache/spring-cache-4.0.xsd=org/springframework/cache/config/spring-cache-4.0.xsd, http://www.springframework.org/schema/jee/spring-jee-3.1.xsd=org/springframework/ejb/config/spring-jee-3.1.xsd, http://www.springframework.org/schema/task/spring-task-3.2.xsd=org/springframework/scheduling/config/spring-task-3.2.xsd, http://www.springframework.org/schema/util/spring-util-4.2.xsd=org/springframework/beans/factory/xml/spring-util-4.2.xsd, http://www.springframework.org/schema/beans/spring-beans-3.1.xsd=org/springframework/beans/factory/xml/spring-beans-3.1.xsd, http://www.springframework.org/schema/util/spring-util.xsd=org/springframework/beans/factory/xml/spring-util-4.2.xsd, http://www.springframework.org/schema/aop/spring-aop-3.0.xsd=org/springframework/aop/config/spring-aop-3.0.xsd, http://www.springframework.org/schema/data/repository/spring-repository.xsd=org/springframework/data/repository/config/spring-repository-1.11.xsd, http://www.springframework.org/schema/data/repository/spring-repository-1.7.xsd=org/springframework/data/repository/config/spring-repository-1.7.xsd, http://www.springframework.org/schema/jms/spring-jms-3.2.xsd=org/springframework/jms/config/spring-jms-3.2.xsd, http://www.springframework.org/schema/mvc/spring-mvc-3.0.xsd=org/springframework/web/servlet/config/spring-mvc-3.0.xsd, http://www.springframework.org/schema/ldap/spring-ldap.xsd=org/springframework/ldap/config/spring-ldap-2.0.xsd, http://www.springframework.org/schema/beans/spring-beans-4.0.xsd=org/springframework/beans/factory/xml/spring-beans-4.0.xsd, http://www.springframework.org/schema/oxm/spring-oxm-4.2.xsd=org/springframework/oxm/config/spring-oxm-4.2.xsd, http://www.springframework.org/schema/beans/spring-beans.xsd=org/springframework/beans/factory/xml/spring-beans-4.2.xsd, http://www.springframework.org/schema/security/spring-security-2.0.4.xsd=org/springframework/security/config/spring-security-2.0.4.xsd, http://mybatis.org/schema/mybatis-spring.xsd=org/mybatis/spring/config/mybatis-spring-1.2.xsd, http://www.springframework.org/schema/lang/spring-lang-3.0.xsd=org/springframework/scripting/config/spring-lang-3.0.xsd, http://www.springframework.org/schema/tx/spring-tx-3.1.xsd=org/springframework/transaction/config/spring-tx-3.1.xsd, http://www.springframework.org/schema/context/spring-context-2.5.xsd=org/springframework/context/config/spring-context-2.5.xsd, http://www.springframework.org/schema/jms/spring-jms-4.1.xsd=org/springframework/jms/config/spring-jms-4.1.xsd, http://activemq.apache.org/schema/core/activemq-core.xsd=activemq.xsd, http://activemq.org/config/1.0=activemq.xsd, http://www.springframework.org/schema/task/spring-task-4.0.xsd=org/springframework/scheduling/config/spring-task-4.0.xsd, http://www.springframework.org/schema/tool/spring-tool-3.0.xsd=org/springframework/beans/factory/xml/spring-tool-3.0.xsd, http://www.springframework.org/schema/tx/spring-tx-4.0.xsd=org/springframework/transaction/config/spring-tx-4.0.xsd, http://www.springframework.org/schema/aop/spring-aop-2.0.xsd=org/springframework/aop/config/spring-aop-2.0.xsd, http://www.springframework.org/schema/security/spring-security-3.2.xsd=org/springframework/security/config/spring-security-3.2.xsd, http://www.springframework.org/schema/jee/spring-jee-3.0.xsd=org/springframework/ejb/config/spring-jee-3.0.xsd, http://www.springframework.org/schema/task/spring-task-3.1.xsd=org/springframework/scheduling/config/spring-task-3.1.xsd, http://www.springframework.org/schema/util/spring-util-4.1.xsd=org/springframework/beans/factory/xml/spring-util-4.1.xsd, http://www.springframework.org/schema/beans/spring-beans-3.0.xsd=org/springframework/beans/factory/xml/spring-beans-3.0.xsd, http://activemq.org/config/1.0/1.0.xsd=activemq.xsd, http://www.springframework.org/schema/jee/spring-jee.xsd=org/springframework/ejb/config/spring-jee-4.2.xsd, http://www.springframework.org/schema/jms/spring-jms.xsd=org/springframework/jms/config/spring-jms-4.2.xsd, http://www.springframework.org/schema/aop/spring-aop-2.5.xsd=org/springframework/aop/config/spring-aop-2.5.xsd, http://www.springframework.org/schema/security/spring-security-4.1.xsd=org/springframework/security/config/spring-security-4.1.xsd, http://www.springframework.org/schema/lang/spring-lang-2.0.xsd=org/springframework/scripting/config/spring-lang-2.0.xsd, http://www.springframework.org/schema/data/repository/spring-repository-1.6.xsd=org/springframework/data/repository/config/spring-repository-1.6.xsd, http://www.springframework.org/schema/jms/spring-jms-3.1.xsd=org/springframework/jms/config/spring-jms-3.1.xsd, http://www.springframework.org/schema/oxm/spring-oxm.xsd=org/springframework/oxm/config/spring-oxm-4.2.xsd, http://www.springframework.org/schema/util/spring-util-3.2.xsd=org/springframework/beans/factory/xml/spring-util-3.2.xsd, http://www.springframework.org/schema/oxm/spring-oxm-4.1.xsd=org/springframework/oxm/config/spring-oxm-4.1.xsd, http://www.springframework.org/schema/task/spring-task.xsd=org/springframework/scheduling/config/spring-task-4.2.xsd, http://www.springframework.org/schema/tool/spring-tool-2.0.xsd=org/springframework/beans/factory/xml/spring-tool-2.0.xsd, http://www.springframework.org/schema/lang/spring-lang-2.5.xsd=org/springframework/scripting/config/spring-lang-2.5.xsd, http://www.springframework.org/schema/tx/spring-tx-3.0.xsd=org/springframework/transaction/config/spring-tx-3.0.xsd, http://www.springframework.org/schema/context/spring-context-4.2.xsd=org/springframework/context/config/spring-context-4.2.xsd, http://www.springframework.org/schema/jms/spring-jms-4.0.xsd=org/springframework/jms/config/spring-jms-4.0.xsd, http://www.springframework.org/schema/jee/spring-jee-2.0.xsd=org/springframework/ejb/config/spring-jee-2.0.xsd, http://www.springframework.org/schema/oxm/spring-oxm-3.2.xsd=org/springframework/oxm/config/spring-oxm-3.2.xsd, http://www.springframework.org/schema/tool/spring-tool-2.5.xsd=org/springframework/beans/factory/xml/spring-tool-2.5.xsd, http://www.springframework.org/schema/security/spring-security-3.1.xsd=org/springframework/security/config/spring-security-3.1.xsd, http://www.springframework.org/schema/jee/spring-jee-2.5.xsd=org/springframework/ejb/config/spring-jee-2.5.xsd, http://www.springframework.org/schema/data/repository/spring-repository-1.0.xsd=org/springframework/data/repository/config/spring-repository-1.0.xsd, http://www.springframework.org/schema/task/spring-task-3.0.xsd=org/springframework/scheduling/config/spring-task-3.0.xsd, http://www.springframework.org/schema/util/spring-util-4.0.xsd=org/springframework/beans/factory/xml/spring-util-4.0.xsd, http://www.springframework.org/schema/aop/spring-aop-4.2.xsd=org/springframework/aop/config/spring-aop-4.2.xsd, http://www.springframework.org/schema/security/spring-security-4.0.xsd=org/springframework/security/config/spring-security-4.0.xsd, http://www.springframework.org/schema/lang/spring-lang.xsd=org/springframework/scripting/config/spring-lang-4.2.xsd, http://www.springframework.org/schema/context/spring-context-3.2.xsd=org/springframework/context/config/spring-context-3.2.xsd, http://www.springframework.org/schema/data/repository/spring-repository-1.5.xsd=org/springframework/data/repository/config/spring-repository-1.5.xsd, http://www.springframework.org/schema/jdbc/spring-jdbc-4.2.xsd=org/springframework/jdbc/config/spring-jdbc-4.2.xsd, http://www.springframework.org/schema/jms/spring-jms-3.0.xsd=org/springframework/jms/config/spring-jms-3.0.xsd, http://www.springframework.org/schema/mvc/spring-mvc-4.2.xsd=org/springframework/web/servlet/config/spring-mvc-4.2.xsd, http://www.springframework.org/schema/util/spring-util-3.1.xsd=org/springframework/beans/factory/xml/spring-util-3.1.xsd, http://www.springframework.org/schema/beans/spring-beans-2.0.xsd=org/springframework/beans/factory/xml/spring-beans-2.0.xsd, http://www.springframework.org/schema/oxm/spring-oxm-4.0.xsd=org/springframework/oxm/config/spring-oxm-4.0.xsd, http://www.springframework.org/schema/cache/spring-cache.xsd=org/springframework/cache/config/spring-cache-4.2.xsd, http://www.springframework.org/schema/tx/spring-tx.xsd=org/springframework/transaction/config/spring-tx-4.2.xsd, http://www.springframework.org/schema/security/spring-security-2.0.2.xsd=org/springframework/security/config/spring-security-2.0.2.xsd, http://www.springframework.org/schema/lang/spring-lang-4.2.xsd=org/springframework/scripting/config/spring-lang-4.2.xsd, http://www.springframework.org/schema/context/spring-context-4.1.xsd=org/springframework/context/config/spring-context-4.1.xsd, http://www.springframework.org/schema/beans/spring-beans-2.5.xsd=org/springframework/beans/factory/xml/spring-beans-2.5.xsd, http://www.springframework.org/schema/oxm/spring-oxm-3.1.xsd=org/springframework/oxm/config/spring-oxm-3.1.xsd, http://www.springframework.org/schema/tool/spring-tool-4.2.xsd=org/springframework/beans/factory/xml/spring-tool-4.2.xsd, http://www.springframework.org/schema/security/spring-security.xsd=org/springframework/security/config/spring-security-4.1.xsd, http://www.springframework.org/schema/tx/spring-tx-2.0.xsd=org/springframework/transaction/config/spring-tx-2.0.xsd, http://www.springframework.org/schema/security/spring-security-3.0.xsd=org/springframework/security/config/spring-security-3.0.xsd, http://www.springframework.org/schema/data/repository/spring-repository-1.11.xsd=org/springframework/data/repository/config/spring-repository-1.11.xsd, http://www.springframework.org/schema/jee/spring-jee-4.2.xsd=org/springframework/ejb/config/spring-jee-4.2.xsd, http://www.springframework.org/schema/jdbc/spring-jdbc-3.2.xsd=org/springframework/jdbc/config/spring-jdbc-3.2.xsd, http://www.springframework.org/schema/aop/spring-aop.xsd=org/springframework/aop/config/spring-aop-4.2.xsd}
   [DEBUG][main][2020-01-17 15:59:52][org.springframework.beans.factory.xml.PluggableSchemaResolver] - Found XML schema [http://www.springframework.org/schema/beans/spring-beans.xsd] in classpath: org/springframework/beans/factory/xml/spring-beans-4.2.xsd
   [DEBUG][main][2020-01-17 15:59:52][org.springframework.beans.factory.xml.DefaultBeanDefinitionDocumentReader] - Loading bean definitions
   [DEBUG][main][2020-01-17 15:59:52][org.springframework.beans.factory.xml.BeanDefinitionParserDelegate] - Neither XML &apos;id&apos; nor &apos;name&apos; specified - using generated bean name [org.springframework.data.redis.serializer.StringRedisSerializer#4d826d77]
   [DEBUG][main][2020-01-17 15:59:52][org.springframework.beans.factory.xml.BeanDefinitionParserDelegate] - Neither XML &apos;id&apos; nor &apos;name&apos; specified - using generated bean name [org.springframework.data.redis.serializer.StringRedisSerializer#61009542]
   [DEBUG][main][2020-01-17 15:59:52][org.springframework.beans.factory.support.AbstractBeanDefinitionReader] - Loaded 3 bean definitions from location pattern [classpath:applicationContext-redis.xml]
   [INFO][main][2020-01-17 15:59:52][org.springframework.beans.factory.xml.XmlBeanDefinitionReader] - Loading XML bean definitions from class path resource [spring-mybatis.xml]
   [DEBUG][main][2020-01-17 15:59:52][org.springframework.beans.factory.xml.DefaultDocumentLoader] - Using JAXP provider [com.sun.org.apache.xerces.internal.jaxp.DocumentBuilderFactoryImpl]
   [DEBUG][main][2020-01-17 15:59:52][org.springframework.beans.factory.xml.PluggableSchemaResolver] - Found XML schema [http://www.springframework.org/schema/beans/spring-beans-3.1.xsd] in classpath: org/springframework/beans/factory/xml/spring-beans-3.1.xsd
   [DEBUG][main][2020-01-17 15:59:52][org.springframework.beans.factory.xml.PluggableSchemaResolver] - Found XML schema [http://www.springframework.org/schema/context/spring-context-3.1.xsd] in classpath: org/springframework/context/config/spring-context-3.1.xsd
   [DEBUG][main][2020-01-17 15:59:52][org.springframework.beans.factory.xml.PluggableSchemaResolver] - Found XML schema [http://www.springframework.org/schema/tool/spring-tool-3.1.xsd] in classpath: org/springframework/beans/factory/xml/spring-tool-3.1.xsd
   [DEBUG][main][2020-01-17 15:59:52][org.springframework.beans.factory.xml.PluggableSchemaResolver] - Found XML schema [http://www.springframework.org/schema/tx/spring-tx.xsd] in classpath: org/springframework/transaction/config/spring-tx-4.2.xsd
   [DEBUG][main][2020-01-17 15:59:52][org.springframework.beans.factory.xml.DefaultBeanDefinitionDocumentReader] - Loading bean definitions
   [DEBUG][main][2020-01-17 15:59:52][org.springframework.beans.factory.xml.DefaultNamespaceHandlerResolver] - Loaded NamespaceHandler mappings: {http://activemq.apache.org/schema/core=org.apache.xbean.spring.context.v2.XBeanNamespaceHandler, http://www.springframework.org/schema/task=org.springframework.scheduling.config.TaskNamespaceHandler, http://www.springframework.org/schema/p=org.springframework.beans.factory.xml.SimplePropertyNamespaceHandler, http://www.springframework.org/schema/lang=org.springframework.scripting.config.LangNamespaceHandler, http://www.springframework.org/schema/ldap=org.springframework.ldap.config.LdapNamespaceHandler, http://www.springframework.org/schema/util=org.springframework.beans.factory.xml.UtilNamespaceHandler, http://www.springframework.org/schema/redis=org.springframework.data.redis.config.RedisNamespaceHandler, http://www.springframework.org/schema/c=org.springframework.beans.factory.xml.SimpleConstructorNamespaceHandler, http://www.springframework.org/schema/data/keyvalue=org.springframework.data.keyvalue.repository.config.KeyValueRepositoryNameSpaceHandler, http://www.springframework.org/schema/jee=org.springframework.ejb.config.JeeNamespaceHandler, http://www.springframework.org/schema/oxm=org.springframework.oxm.config.OxmNamespaceHandler, http://www.springframework.org/schema/tx=org.springframework.transaction.config.TxNamespaceHandler, http://www.springframework.org/schema/data/repository=org.springframework.data.repository.config.RepositoryNameSpaceHandler, http://www.springframework.org/schema/jdbc=org.springframework.jdbc.config.JdbcNamespaceHandler, http://www.springframework.org/schema/aop=org.springframework.aop.config.AopNamespaceHandler, http://www.springframework.org/schema/context=org.springframework.context.config.ContextNamespaceHandler, http://www.springframework.org/schema/security=org.springframework.security.config.SecurityNamespaceHandler, http://www.springframework.org/schema/jms=org.springframework.jms.config.JmsNamespaceHandler, http://www.springframework.org/schema/cache=org.springframework.cache.config.CacheNamespaceHandler, http://activemq.org/config/1.0=org.apache.xbean.spring.context.v2.XBeanNamespaceHandler, http://mybatis.org/schema/mybatis-spring=org.mybatis.spring.config.NamespaceHandler, http://www.springframework.org/schema/mvc=org.springframework.web.servlet.config.MvcNamespaceHandler}
   [DEBUG][main][2020-01-17 15:59:52][org.springframework.context.annotation.ClassPathScanningCandidateComponentProvider] - JSR-250 &apos;javax.annotation.ManagedBean&apos; found and supported for component scanning
   [DEBUG][main][2020-01-17 15:59:52][org.springframework.context.annotation.ClassPathScanningCandidateComponentProvider] - JSR-330 &apos;javax.inject.Named&apos; annotation found and supported for component scanning
   [DEBUG][main][2020-01-17 15:59:52][org.springframework.core.io.support.PathMatchingResourcePatternResolver] - Resolved classpath location [yuan/boke/www/] to resources [URL [file:/E:/IdeaWorspace/boke/boke-web/target/classes/yuan/boke/www/]]
   [DEBUG][main][2020-01-17 15:59:52][org.springframework.core.io.support.PathMatchingResourcePatternResolver] - Looking for matching resources in directory tree [E:\IdeaWorspace\boke\boke-web\target\classes\yuan\boke\www]
   [DEBUG][main][2020-01-17 15:59:52][org.springframework.core.io.support.PathMatchingResourcePatternResolver] - Searching directory [E:\IdeaWorspace\boke\boke-web\target\classes\yuan\boke\www] for files matching pattern [E:/IdeaWorspace/boke/boke-web/target/classes/yuan/boke/www/**/*.class]
   [DEBUG][main][2020-01-17 15:59:52][org.springframework.core.io.support.PathMatchingResourcePatternResolver] - Searching directory [E:\IdeaWorspace\boke\boke-web\target\classes\yuan\boke\www\activemq] for files matching pattern [E:/IdeaWorspace/boke/boke-web/target/classes/yuan/boke/www/**/*.class]
   [DEBUG][main][2020-01-17 15:59:52][org.springframework.core.io.support.PathMatchingResourcePatternResolver] - Searching directory [E:\IdeaWorspace\boke\boke-web\target\classes\yuan\boke\www\common] for files matching pattern [E:/IdeaWorspace/boke/boke-web/target/classes/yuan/boke/www/**/*.class]
   [DEBUG][main][2020-01-17 15:59:52][org.springframework.core.io.support.PathMatchingResourcePatternResolver] - Searching directory [E:\IdeaWorspace\boke\boke-web\target\classes\yuan\boke\www\controller] for files matching pattern [E:/IdeaWorspace/boke/boke-web/target/classes/yuan/boke/www/**/*.class]
   [DEBUG][main][2020-01-17 15:59:52][org.springframework.core.io.support.PathMatchingResourcePatternResolver] - Searching directory [E:\IdeaWorspace\boke\boke-web\target\classes\yuan\boke\www\dao] for files matching pattern [E:/IdeaWorspace/boke/boke-web/target/classes/yuan/boke/www/**/*.class]
   [DEBUG][main][2020-01-17 15:59:52][org.springframework.core.io.support.PathMatchingResourcePatternResolver] - Searching directory [E:\IdeaWorspace\boke\boke-web\target\classes\yuan\boke\www\entity] for files matching pattern [E:/IdeaWorspace/boke/boke-web/target/classes/yuan/boke/www/**/*.class]
   [DEBUG][main][2020-01-17 15:59:52][org.springframework.core.io.support.PathMatchingResourcePatternResolver] - Searching directory [E:\IdeaWorspace\boke\boke-web\target\classes\yuan\boke\www\interceptor] for files matching pattern [E:/IdeaWorspace/boke/boke-web/target/classes/yuan/boke/www/**/*.class]
   [DEBUG][main][2020-01-17 15:59:52][org.springframework.core.io.support.PathMatchingResourcePatternResolver] - Searching directory [E:\IdeaWorspace\boke\boke-web\target\classes\yuan\boke\www\mail] for files matching pattern [E:/IdeaWorspace/boke/boke-web/target/classes/yuan/boke/www/**/*.class]
   [DEBUG][main][2020-01-17 15:59:52][org.springframework.core.io.support.PathMatchingResourcePatternResolver] - Searching directory [E:\IdeaWorspace\boke\boke-web\target\classes\yuan\boke\www\security] for files matching pattern [E:/IdeaWorspace/boke/boke-web/target/classes/yuan/boke/www/**/*.class]
   [DEBUG][main][2020-01-17 15:59:52][org.springframework.core.io.support.PathMatchingResourcePatternResolver] - Searching directory [E:\IdeaWorspace\boke\boke-web\target\classes\yuan\boke\www\security\account] for files matching pattern [E:/IdeaWorspace/boke/boke-web/target/classes/yuan/boke/www/**/*.class]
   [DEBUG][main][2020-01-17 15:59:52][org.springframework.core.io.support.PathMatchingResourcePatternResolver] - Searching directory [E:\IdeaWorspace\boke\boke-web\target\classes\yuan\boke\www\service] for files matching pattern [E:/IdeaWorspace/boke/boke-web/target/classes/yuan/boke/www/**/*.class]
   [DEBUG][main][2020-01-17 15:59:52][org.springframework.core.io.support.PathMatchingResourcePatternResolver] - Searching directory [E:\IdeaWorspace\boke\boke-web\target\classes\yuan\boke\www\service\impl] for files matching pattern [E:/IdeaWorspace/boke/boke-web/target/classes/yuan/boke/www/**/*.class]
   [DEBUG][main][2020-01-17 15:59:52][org.springframework.core.io.support.PathMatchingResourcePatternResolver] - Resolved location pattern [classpath*:yuan/boke/www/**/*.class] to resources [file [E:\IdeaWorspace\boke\boke-web\target\classes\yuan\boke\www\activemq\SendMessage.class], file [E:\IdeaWorspace\boke\boke-web\target\classes\yuan\boke\www\activemq\SmsAuthenCode.class], file [E:\IdeaWorspace\boke\boke-web\target\classes\yuan\boke\www\common\CodeCaptchaServlet.class], file [E:\IdeaWorspace\boke\boke-web\target\classes\yuan\boke\www\common\CodeValidate.class], file [E:\IdeaWorspace\boke\boke-web\target\classes\yuan\boke\www\common\Constants.class], file [E:\IdeaWorspace\boke\boke-web\target\classes\yuan\boke\www\common\DateUtils.class], file [E:\IdeaWorspace\boke\boke-web\target\classes\yuan\boke\www\common\MD5Util.class], file [E:\IdeaWorspace\boke\boke-web\target\classes\yuan\boke\www\common\PageHelper$Page.class], file [E:\IdeaWorspace\boke\boke-web\target\classes\yuan\boke\www\common\PageHelper.class], file [E:\IdeaWorspace\boke\boke-web\target\classes\yuan\boke\www\common\RandStringUtils.class], file [E:\IdeaWorspace\boke\boke-web\target\classes\yuan\boke\www\common\StringUtil.class], file [E:\IdeaWorspace\boke\boke-web\target\classes\yuan\boke\www\controller\BaseController.class], file [E:\IdeaWorspace\boke\boke-web\target\classes\yuan\boke\www\controller\IndexJspController.class], file [E:\IdeaWorspace\boke\boke-web\target\classes\yuan\boke\www\controller\loginController$1.class], file [E:\IdeaWorspace\boke\boke-web\target\classes\yuan\boke\www\controller\loginController.class], file [E:\IdeaWorspace\boke\boke-web\target\classes\yuan\boke\www\controller\RegisterController.class], file [E:\IdeaWorspace\boke\boke-web\target\classes\yuan\boke\www\controller\WriteController.class], file [E:\IdeaWorspace\boke\boke-web\target\classes\yuan\boke\www\dao\CommentMapper.class], file [E:\IdeaWorspace\boke\boke-web\target\classes\yuan\boke\www\dao\LoginLogMapper.class], file [E:\IdeaWorspace\boke\boke-web\target\classes\yuan\boke\www\dao\ResourceMapper.class], file [E:\IdeaWorspace\boke\boke-web\target\classes\yuan\boke\www\dao\RoleMapper.class], file [E:\IdeaWorspace\boke\boke-web\target\classes\yuan\boke\www\dao\RoleResourceMapper.class], file [E:\IdeaWorspace\boke\boke-web\target\classes\yuan\boke\www\dao\RoleUserMapper.class], file [E:\IdeaWorspace\boke\boke-web\target\classes\yuan\boke\www\dao\UpvoteMapper.class], file [E:\IdeaWorspace\boke\boke-web\target\classes\yuan\boke\www\dao\UserContentMapper.class], file [E:\IdeaWorspace\boke\boke-web\target\classes\yuan\boke\www\dao\UserInfoMapper.class], file [E:\IdeaWorspace\boke\boke-web\target\classes\yuan\boke\www\dao\UserMapper.class], file [E:\IdeaWorspace\boke\boke-web\target\classes\yuan\boke\www\entity\Comment.class], file [E:\IdeaWorspace\boke\boke-web\target\classes\yuan\boke\www\entity\LoginLog.class], file [E:\IdeaWorspace\boke\boke-web\target\classes\yuan\boke\www\entity\Resource.class], file [E:\IdeaWorspace\boke\boke-web\target\classes\yuan\boke\www\entity\Role.class], file [E:\IdeaWorspace\boke\boke-web\target\classes\yuan\boke\www\entity\RoleResource.class], file [E:\IdeaWorspace\boke\boke-web\target\classes\yuan\boke\www\entity\RoleUser.class], file [E:\IdeaWorspace\boke\boke-web\target\classes\yuan\boke\www\entity\Upvote.class], file [E:\IdeaWorspace\boke\boke-web\target\classes\yuan\boke\www\entity\User.class], file [E:\IdeaWorspace\boke\boke-web\target\classes\yuan\boke\www\entity\UserContent.class], file [E:\IdeaWorspace\boke\boke-web\target\classes\yuan\boke\www\entity\UserInfo.class], file [E:\IdeaWorspace\boke\boke-web\target\classes\yuan\boke\www\interceptor\IndexJspFilter.class], file [E:\IdeaWorspace\boke\boke-web\target\classes\yuan\boke\www\mail\MailExample.class], file [E:\IdeaWorspace\boke\boke-web\target\classes\yuan\boke\www\mail\MyAuthenticator.class], file [E:\IdeaWorspace\boke\boke-web\target\classes\yuan\boke\www\mail\SendEmail.class], file [E:\IdeaWorspace\boke\boke-web\target\classes\yuan\boke\www\security\account\AccountAuthenticationFilter.class], file [E:\IdeaWorspace\boke\boke-web\target\classes\yuan\boke\www\security\account\AccountDetailsService.class], file [E:\IdeaWorspace\boke\boke-web\target\classes\yuan\boke\www\security\account\MyAccessDeniedHandler.class], file [E:\IdeaWorspace\boke\boke-web\target\classes\yuan\boke\www\service\CommentService.class], file [E:\IdeaWorspace\boke\boke-web\target\classes\yuan\boke\www\service\impl\CommentServiceImpl.class], file [E:\IdeaWorspace\boke\boke-web\target\classes\yuan\boke\www\service\impl\RoleServiceImpl.class], file [E:\IdeaWorspace\boke\boke-web\target\classes\yuan\boke\www\service\impl\SolrServiceImpl.class], file [E:\IdeaWorspace\boke\boke-web\target\classes\yuan\boke\www\service\impl\UpvoteServiceImpl.class], file [E:\IdeaWorspace\boke\boke-web\target\classes\yuan\boke\www\service\impl\UserContentServiceImpl.class], file [E:\IdeaWorspace\boke\boke-web\target\classes\yuan\boke\www\service\impl\UserServiceImpl.class], file [E:\IdeaWorspace\boke\boke-web\target\classes\yuan\boke\www\service\RoleService.class], file [E:\IdeaWorspace\boke\boke-web\target\classes\yuan\boke\www\service\SolrService.class], file [E:\IdeaWorspace\boke\boke-web\target\classes\yuan\boke\www\service\UpvoteService.class], file [E:\IdeaWorspace\boke\boke-web\target\classes\yuan\boke\www\service\UserContentService.class], file [E:\IdeaWorspace\boke\boke-web\target\classes\yuan\boke\www\service\UserService.class]]
   [DEBUG][main][2020-01-17 15:59:52][org.springframework.context.annotation.ClassPathScanningCandidateComponentProvider] - Identified candidate component class: file [E:\IdeaWorspace\boke\boke-web\target\classes\yuan\boke\www\activemq\SmsAuthenCode.class]
   [DEBUG][main][2020-01-17 15:59:52][org.springframework.context.annotation.ClassPathScanningCandidateComponentProvider] - Identified candidate component class: file [E:\IdeaWorspace\boke\boke-web\target\classes\yuan\boke\www\controller\BaseController.class]
   [DEBUG][main][2020-01-17 15:59:52][org.springframework.context.annotation.ClassPathScanningCandidateComponentProvider] - Identified candidate component class: file [E:\IdeaWorspace\boke\boke-web\target\classes\yuan\boke\www\controller\IndexJspController.class]
   [DEBUG][main][2020-01-17 15:59:52][org.springframework.context.annotation.ClassPathScanningCandidateComponentProvider] - Identified candidate component class: file [E:\IdeaWorspace\boke\boke-web\target\classes\yuan\boke\www\controller\loginController.class]
   [DEBUG][main][2020-01-17 15:59:52][org.springframework.context.annotation.ClassPathScanningCandidateComponentProvider] - Identified candidate component class: file [E:\IdeaWorspace\boke\boke-web\target\classes\yuan\boke\www\controller\RegisterController.class]
   [DEBUG][main][2020-01-17 15:59:52][org.springframework.context.annotation.ClassPathScanningCandidateComponentProvider] - Identified candidate component class: file [E:\IdeaWorspace\boke\boke-web\target\classes\yuan\boke\www\controller\WriteController.class]
   [DEBUG][main][2020-01-17 15:59:52][org.springframework.context.annotation.ClassPathScanningCandidateComponentProvider] - Identified candidate component class: file [E:\IdeaWorspace\boke\boke-web\target\classes\yuan\boke\www\service\impl\CommentServiceImpl.class]
   [DEBUG][main][2020-01-17 15:59:52][org.springframework.context.annotation.ClassPathScanningCandidateComponentProvider] - Identified candidate component class: file [E:\IdeaWorspace\boke\boke-web\target\classes\yuan\boke\www\service\impl\RoleServiceImpl.class]
   [DEBUG][main][2020-01-17 15:59:52][org.springframework.context.annotation.ClassPathScanningCandidateComponentProvider] - Identified candidate component class: file [E:\IdeaWorspace\boke\boke-web\target\classes\yuan\boke\www\service\impl\SolrServiceImpl.class]
   [DEBUG][main][2020-01-17 15:59:52][org.springframework.context.annotation.ClassPathScanningCandidateComponentProvider] - Identified candidate component class: file [E:\IdeaWorspace\boke\boke-web\target\classes\yuan\boke\www\service\impl\UpvoteServiceImpl.class]
   [DEBUG][main][2020-01-17 15:59:52][org.springframework.context.annotation.ClassPathScanningCandidateComponentProvider] - Identified candidate component class: file [E:\IdeaWorspace\boke\boke-web\target\classes\yuan\boke\www\service\impl\UserContentServiceImpl.class]
   [DEBUG][main][2020-01-17 15:59:52][org.springframework.context.annotation.ClassPathScanningCandidateComponentProvider] - Identified candidate component class: file [E:\IdeaWorspace\boke\boke-web\target\classes\yuan\boke\www\service\impl\UserServiceImpl.class]
   [DEBUG][main][2020-01-17 15:59:52][org.springframework.beans.factory.xml.BeanDefinitionParserDelegate] - Neither XML &apos;id&apos; nor &apos;name&apos; specified - using generated bean name [org.mybatis.spring.mapper.MapperScannerConfigurer#0]
   [DEBUG][main][2020-01-17 15:59:53][org.springframework.beans.factory.support.AbstractBeanDefinitionReader] - Loaded 29 bean definitions from location pattern [classpath:spring-mybatis.xml]
   [INFO][main][2020-01-17 15:59:53][org.springframework.beans.factory.xml.XmlBeanDefinitionReader] - Loading XML bean definitions from class path resource [applicationContext-activemq.xml]
   [DEBUG][main][2020-01-17 15:59:53][org.springframework.beans.factory.xml.DefaultDocumentLoader] - Using JAXP provider [com.sun.org.apache.xerces.internal.jaxp.DocumentBuilderFactoryImpl]
   [DEBUG][main][2020-01-17 15:59:53][org.springframework.beans.factory.xml.PluggableSchemaResolver] - Found XML schema [http://www.springframework.org/schema/beans/spring-beans.xsd] in classpath: org/springframework/beans/factory/xml/spring-beans-4.2.xsd
   [DEBUG][main][2020-01-17 15:59:53][org.springframework.beans.factory.xml.PluggableSchemaResolver] - Found XML schema [http://www.springframework.org/schema/context/spring-context.xsd] in classpath: org/springframework/context/config/spring-context-4.2.xsd
   [DEBUG][main][2020-01-17 15:59:53][org.springframework.beans.factory.xml.PluggableSchemaResolver] - Found XML schema [http://www.springframework.org/schema/tool/spring-tool-4.2.xsd] in classpath: org/springframework/beans/factory/xml/spring-tool-4.2.xsd
   [DEBUG][main][2020-01-17 15:59:53][org.springframework.beans.factory.xml.PluggableSchemaResolver] - Found XML schema [http://activemq.apache.org/schema/core/activemq-core.xsd] in classpath: activemq.xsd
   [DEBUG][main][2020-01-17 15:59:53][org.springframework.beans.factory.xml.PluggableSchemaResolver] - Found XML schema [http://www.springframework.org/schema/jms/spring-jms.xsd] in classpath: org/springframework/jms/config/spring-jms-4.2.xsd
   [DEBUG][main][2020-01-17 15:59:53][org.springframework.beans.factory.xml.DefaultBeanDefinitionDocumentReader] - Loading bean definitions
   [DEBUG][main][2020-01-17 15:59:53][org.springframework.context.annotation.ClassPathScanningCandidateComponentProvider] - JSR-250 &apos;javax.annotation.ManagedBean&apos; found and supported for component scanning
   [DEBUG][main][2020-01-17 15:59:53][org.springframework.context.annotation.ClassPathScanningCandidateComponentProvider] - JSR-330 &apos;javax.inject.Named&apos; annotation found and supported for component scanning
   [DEBUG][main][2020-01-17 15:59:53][org.springframework.core.io.support.PathMatchingResourcePatternResolver] - Resolved classpath location [yuan/boke/www/activemq/] to resources [URL [file:/E:/IdeaWorspace/boke/boke-web/target/classes/yuan/boke/www/activemq/]]
   [DEBUG][main][2020-01-17 15:59:53][org.springframework.core.io.support.PathMatchingResourcePatternResolver] - Looking for matching resources in directory tree [E:\IdeaWorspace\boke\boke-web\target\classes\yuan\boke\www\activemq]
   [DEBUG][main][2020-01-17 15:59:53][org.springframework.core.io.support.PathMatchingResourcePatternResolver] - Searching directory [E:\IdeaWorspace\boke\boke-web\target\classes\yuan\boke\www\activemq] for files matching pattern [E:/IdeaWorspace/boke/boke-web/target/classes/yuan/boke/www/activemq/**/*.class]
   [DEBUG][main][2020-01-17 15:59:53][org.springframework.core.io.support.PathMatchingResourcePatternResolver] - Resolved location pattern [classpath*:yuan/boke/www/activemq/**/*.class] to resources [file [E:\IdeaWorspace\boke\boke-web\target\classes\yuan\boke\www\activemq\SendMessage.class], file [E:\IdeaWorspace\boke\boke-web\target\classes\yuan\boke\www\activemq\SmsAuthenCode.class]]
   [DEBUG][main][2020-01-17 15:59:53][org.springframework.context.annotation.ClassPathScanningCandidateComponentProvider] - Identified candidate component class: file [E:\IdeaWorspace\boke\boke-web\target\classes\yuan\boke\www\activemq\SmsAuthenCode.class]
   [DEBUG][main][2020-01-17 15:59:53][org.apache.xbean.spring.context.v2c.XBeanNamespaceHandler] - Could not find resource: META-INF/services/org/apache/xbean/spring/http/activemq.apache.org/schema/core/connectionFactory
   [DEBUG][main][2020-01-17 15:59:53][org.springframework.beans.factory.support.AbstractBeanDefinitionReader] - Loaded 4 bean definitions from location pattern [classpath:applicationContext-activemq.xml]
   [INFO][main][2020-01-17 15:59:53][org.springframework.beans.factory.xml.XmlBeanDefinitionReader] - Loading XML bean definitions from class path resource [applicationContext-solr.xml]
   [DEBUG][main][2020-01-17 15:59:53][org.springframework.beans.factory.xml.DefaultDocumentLoader] - Using JAXP provider [com.sun.org.apache.xerces.internal.jaxp.DocumentBuilderFactoryImpl]
   [DEBUG][main][2020-01-17 15:59:53][org.springframework.beans.factory.xml.PluggableSchemaResolver] - Found XML schema [http://www.springframework.org/schema/beans/spring-beans.xsd] in classpath: org/springframework/beans/factory/xml/spring-beans-4.2.xsd
   [DEBUG][main][2020-01-17 15:59:53][org.springframework.beans.factory.xml.DefaultBeanDefinitionDocumentReader] - Loading bean definitions
   [DEBUG][main][2020-01-17 15:59:53][org.springframework.beans.factory.support.AbstractBeanDefinitionReader] - Loaded 1 bean definitions from location pattern [classpath:applicationContext-solr.xml]
   [INFO][main][2020-01-17 15:59:53][org.springframework.context.support.AbstractApplicationContext] - Refreshing org.springframework.context.support.GenericApplicationContext@33f88ab: startup date [Fri Jan 17 15:59:53 CST 2020]; root of context hierarchy
   [DEBUG][main][2020-01-17 15:59:53][org.springframework.context.support.AbstractApplicationContext] - Bean factory for org.springframework.context.support.GenericApplicationContext@33f88ab: org.springframework.beans.factory.support.DefaultListableBeanFactory@1d2adfbe: defining beans [poolConfig,redisConnectionFactory,redisTemplate,smsAuthenCode,baseController,indexJspController,loginController,registerController,writeController,commentServiceImpl,roleServiceImpl,solrServiceImpl,upvoteServiceImpl,userContentServiceImpl,userServiceImpl,org.springframework.context.annotation.internalConfigurationAnnotationProcessor,org.springframework.context.annotation.internalAutowiredAnnotationProcessor,org.springframework.context.annotation.internalRequiredAnnotationProcessor,org.springframework.context.annotation.internalCommonAnnotationProcessor,org.springframework.context.event.internalEventListenerProcessor,org.springframework.context.event.internalEventListenerFactory,configProperties,propertyConfigurer,dataSource,sqlSessionFactory,org.mybatis.spring.mapper.MapperScannerConfigurer#0,transactionManager,org.springframework.transaction.config.internalTransactionalEventListenerFactory,org.springframework.aop.config.internalAutoProxyCreator,org.springframework.transaction.annotation.AnnotationTransactionAttributeSource#0,org.springframework.transaction.interceptor.TransactionInterceptor#0,org.springframework.transaction.config.internalTransactionAdvisor,amqConnectionFactory,connectionFactory,jmsQueueTemplate,org.springframework.jms.listener.DefaultMessageListenerContainer#0,httpSolrClient]; root of factory hierarchy
   [DEBUG][main][2020-01-17 15:59:53][org.springframework.beans.factory.support.DefaultSingletonBeanRegistry] - Creating shared instance of singleton bean &apos;org.springframework.context.annotation.internalConfigurationAnnotationProcessor&apos;
   [DEBUG][main][2020-01-17 15:59:53][org.springframework.beans.factory.support.AbstractAutowireCapableBeanFactory] - Creating instance of bean &apos;org.springframework.context.annotation.internalConfigurationAnnotationProcessor&apos;
   [DEBUG][main][2020-01-17 15:59:53][org.springframework.beans.factory.support.AbstractAutowireCapableBeanFactory] - Eagerly caching bean &apos;org.springframework.context.annotation.internalConfigurationAnnotationProcessor&apos; to allow for resolving potential circular references
   [DEBUG][main][2020-01-17 15:59:53][org.springframework.beans.factory.support.AbstractAutowireCapableBeanFactory] - Finished creating instance of bean &apos;org.springframework.context.annotation.internalConfigurationAnnotationProcessor&apos;
   [DEBUG][main][2020-01-17 15:59:53][org.springframework.beans.factory.support.DefaultSingletonBeanRegistry] - Creating shared instance of singleton bean &apos;org.mybatis.spring.mapper.MapperScannerConfigurer#0&apos;
   [DEBUG][main][2020-01-17 15:59:53][org.springframework.beans.factory.support.AbstractAutowireCapableBeanFactory] - Creating instance of bean &apos;org.mybatis.spring.mapper.MapperScannerConfigurer#0&apos;
   [DEBUG][main][2020-01-17 15:59:53][org.springframework.beans.factory.support.AbstractAutowireCapableBeanFactory] - Eagerly caching bean &apos;org.mybatis.spring.mapper.MapperScannerConfigurer#0&apos; to allow for resolving potential circular references
   [DEBUG][main][2020-01-17 15:59:53][org.springframework.beans.factory.support.AbstractAutowireCapableBeanFactory] - Invoking afterPropertiesSet() on bean with name &apos;org.mybatis.spring.mapper.MapperScannerConfigurer#0&apos;
   [DEBUG][main][2020-01-17 15:59:53][org.springframework.beans.factory.support.AbstractAutowireCapableBeanFactory] - Finished creating instance of bean &apos;org.mybatis.spring.mapper.MapperScannerConfigurer#0&apos;
   [DEBUG][main][2020-01-17 15:59:53][org.springframework.core.env.MutablePropertySources] - Adding [systemProperties] PropertySource with lowest search precedence
   [DEBUG][main][2020-01-17 15:59:53][org.springframework.core.env.MutablePropertySources] - Adding [systemEnvironment] PropertySource with lowest search precedence
   [DEBUG][main][2020-01-17 15:59:53][org.springframework.core.env.AbstractEnvironment] - Initialized StandardEnvironment with PropertySources [systemProperties,systemEnvironment]
   [DEBUG][main][2020-01-17 15:59:53][org.springframework.core.io.support.PathMatchingResourcePatternResolver] - Resolved classpath location [yuan/boke/www/dao/] to resources [URL [file:/E:/IdeaWorspace/boke/boke-web/target/classes/yuan/boke/www/dao/]]
   [DEBUG][main][2020-01-17 15:59:53][org.springframework.core.io.support.PathMatchingResourcePatternResolver] - Looking for matching resources in directory tree [E:\IdeaWorspace\boke\boke-web\target\classes\yuan\boke\www\dao]
   [DEBUG][main][2020-01-17 15:59:53][org.springframework.core.io.support.PathMatchingResourcePatternResolver] - Searching directory [E:\IdeaWorspace\boke\boke-web\target\classes\yuan\boke\www\dao] for files matching pattern [E:/IdeaWorspace/boke/boke-web/target/classes/yuan/boke/www/dao/**/*.class]
   [DEBUG][main][2020-01-17 15:59:53][org.springframework.core.io.support.PathMatchingResourcePatternResolver] - Resolved location pattern [classpath*:yuan/boke/www/dao/**/*.class] to resources [file [E:\IdeaWorspace\boke\boke-web\target\classes\yuan\boke\www\dao\CommentMapper.class], file [E:\IdeaWorspace\boke\boke-web\target\classes\yuan\boke\www\dao\LoginLogMapper.class], file [E:\IdeaWorspace\boke\boke-web\target\classes\yuan\boke\www\dao\ResourceMapper.class], file [E:\IdeaWorspace\boke\boke-web\target\classes\yuan\boke\www\dao\RoleMapper.class], file [E:\IdeaWorspace\boke\boke-web\target\classes\yuan\boke\www\dao\RoleResourceMapper.class], file [E:\IdeaWorspace\boke\boke-web\target\classes\yuan\boke\www\dao\RoleUserMapper.class], file [E:\IdeaWorspace\boke\boke-web\target\classes\yuan\boke\www\dao\UpvoteMapper.class], file [E:\IdeaWorspace\boke\boke-web\target\classes\yuan\boke\www\dao\UserContentMapper.class], file [E:\IdeaWorspace\boke\boke-web\target\classes\yuan\boke\www\dao\UserInfoMapper.class], file [E:\IdeaWorspace\boke\boke-web\target\classes\yuan\boke\www\dao\UserMapper.class]]
   [DEBUG][main][2020-01-17 15:59:53][org.springframework.context.annotation.ClassPathScanningCandidateComponentProvider] - Identified candidate component class: file [E:\IdeaWorspace\boke\boke-web\target\classes\yuan\boke\www\dao\CommentMapper.class]
   [DEBUG][main][2020-01-17 15:59:53][org.springframework.context.annotation.ClassPathScanningCandidateComponentProvider] - Identified candidate component class: file [E:\IdeaWorspace\boke\boke-web\target\classes\yuan\boke\www\dao\LoginLogMapper.class]
   [DEBUG][main][2020-01-17 15:59:53][org.springframework.context.annotation.ClassPathScanningCandidateComponentProvider] - Identified candidate component class: file [E:\IdeaWorspace\boke\boke-web\target\classes\yuan\boke\www\dao\ResourceMapper.class]
   [DEBUG][main][2020-01-17 15:59:53][org.springframework.context.annotation.ClassPathScanningCandidateComponentProvider] - Identified candidate component class: file [E:\IdeaWorspace\boke\boke-web\target\classes\yuan\boke\www\dao\RoleMapper.class]
   [DEBUG][main][2020-01-17 15:59:53][org.springframework.context.annotation.ClassPathScanningCandidateComponentProvider] - Identified candidate component class: file [E:\IdeaWorspace\boke\boke-web\target\classes\yuan\boke\www\dao\RoleResourceMapper.class]
   [DEBUG][main][2020-01-17 15:59:53][org.springframework.context.annotation.ClassPathScanningCandidateComponentProvider] - Identified candidate component class: file [E:\IdeaWorspace\boke\boke-web\target\classes\yuan\boke\www\dao\RoleUserMapper.class]
   [DEBUG][main][2020-01-17 15:59:53][org.springframework.context.annotation.ClassPathScanningCandidateComponentProvider] - Identified candidate component class: file [E:\IdeaWorspace\boke\boke-web\target\classes\yuan\boke\www\dao\UpvoteMapper.class]
   [DEBUG][main][2020-01-17 15:59:53][org.springframework.context.annotation.ClassPathScanningCandidateComponentProvider] - Identified candidate component class: file [E:\IdeaWorspace\boke\boke-web\target\classes\yuan\boke\www\dao\UserContentMapper.class]
   [DEBUG][main][2020-01-17 15:59:53][org.springframework.context.annotation.ClassPathScanningCandidateComponentProvider] - Identified candidate component class: file [E:\IdeaWorspace\boke\boke-web\target\classes\yuan\boke\www\dao\UserInfoMapper.class]
   [DEBUG][main][2020-01-17 15:59:53][org.springframework.context.annotation.ClassPathScanningCandidateComponentProvider] - Identified candidate component class: file [E:\IdeaWorspace\boke\boke-web\target\classes\yuan\boke\www\dao\UserMapper.class]
   [DEBUG][main][2020-01-17 15:59:53][org.mybatis.spring.mapper.ClassPathMapperScanner] - Creating MapperFactoryBean with name &apos;commentMapper&apos; and &apos;yuan.boke.www.dao.CommentMapper&apos; mapperInterface
   [DEBUG][main][2020-01-17 15:59:53][org.mybatis.spring.mapper.ClassPathMapperScanner] - Creating MapperFactoryBean with name &apos;loginLogMapper&apos; and &apos;yuan.boke.www.dao.LoginLogMapper&apos; mapperInterface
   [DEBUG][main][2020-01-17 15:59:53][org.mybatis.spring.mapper.ClassPathMapperScanner] - Creating MapperFactoryBean with name &apos;resourceMapper&apos; and &apos;yuan.boke.www.dao.ResourceMapper&apos; mapperInterface
   [DEBUG][main][2020-01-17 15:59:53][org.mybatis.spring.mapper.ClassPathMapperScanner] - Creating MapperFactoryBean with name &apos;roleMapper&apos; and &apos;yuan.boke.www.dao.RoleMapper&apos; mapperInterface
   [DEBUG][main][2020-01-17 15:59:53][org.mybatis.spring.mapper.ClassPathMapperScanner] - Creating MapperFactoryBean with name &apos;roleResourceMapper&apos; and &apos;yuan.boke.www.dao.RoleResourceMapper&apos; mapperInterface
   [DEBUG][main][2020-01-17 15:59:53][org.mybatis.spring.mapper.ClassPathMapperScanner] - Creating MapperFactoryBean with name &apos;roleUserMapper&apos; and &apos;yuan.boke.www.dao.RoleUserMapper&apos; mapperInterface
   [DEBUG][main][2020-01-17 15:59:53][org.mybatis.spring.mapper.ClassPathMapperScanner] - Creating MapperFactoryBean with name &apos;upvoteMapper&apos; and &apos;yuan.boke.www.dao.UpvoteMapper&apos; mapperInterface
   [DEBUG][main][2020-01-17 15:59:53][org.mybatis.spring.mapper.ClassPathMapperScanner] - Creating MapperFactoryBean with name &apos;userContentMapper&apos; and &apos;yuan.boke.www.dao.UserContentMapper&apos; mapperInterface
   [DEBUG][main][2020-01-17 15:59:53][org.mybatis.spring.mapper.ClassPathMapperScanner] - Creating MapperFactoryBean with name &apos;userInfoMapper&apos; and &apos;yuan.boke.www.dao.UserInfoMapper&apos; mapperInterface
   [DEBUG][main][2020-01-17 15:59:53][org.mybatis.spring.mapper.ClassPathMapperScanner] - Creating MapperFactoryBean with name &apos;userMapper&apos; and &apos;yuan.boke.www.dao.UserMapper&apos; mapperInterface
   [DEBUG][main][2020-01-17 15:59:53][org.springframework.beans.factory.support.DefaultSingletonBeanRegistry] - Creating shared instance of singleton bean &apos;propertyConfigurer&apos;
   [DEBUG][main][2020-01-17 15:59:53][org.springframework.beans.factory.support.AbstractAutowireCapableBeanFactory] - Creating instance of bean &apos;propertyConfigurer&apos;
   [DEBUG][main][2020-01-17 15:59:53][org.springframework.beans.factory.support.AbstractAutowireCapableBeanFactory] - Eagerly caching bean &apos;propertyConfigurer&apos; to allow for resolving potential circular references
   [DEBUG][main][2020-01-17 15:59:53][org.springframework.beans.factory.support.DefaultSingletonBeanRegistry] - Creating shared instance of singleton bean &apos;configProperties&apos;
   [DEBUG][main][2020-01-17 15:59:53][org.springframework.beans.factory.support.AbstractAutowireCapableBeanFactory] - Creating instance of bean &apos;configProperties&apos;
   [DEBUG][main][2020-01-17 15:59:53][org.springframework.beans.factory.support.AbstractAutowireCapableBeanFactory] - Eagerly caching bean &apos;configProperties&apos; to allow for resolving potential circular references
   [DEBUG][main][2020-01-17 15:59:53][org.springframework.beans.factory.support.AbstractAutowireCapableBeanFactory] - Invoking afterPropertiesSet() on bean with name &apos;configProperties&apos;
   [INFO][main][2020-01-17 15:59:53][org.springframework.core.io.support.PropertiesLoaderSupport] - Loading properties file from class path resource [jdbc.properties]
   [INFO][main][2020-01-17 15:59:53][org.springframework.core.io.support.PropertiesLoaderSupport] - Loading properties file from class path resource [redis.properties]
   [DEBUG][main][2020-01-17 15:59:53][org.springframework.beans.factory.support.AbstractAutowireCapableBeanFactory] - Finished creating instance of bean &apos;configProperties&apos;
   [DEBUG][main][2020-01-17 15:59:53][org.springframework.beans.factory.support.AbstractAutowireCapableBeanFactory] - Invoking afterPropertiesSet() on bean with name &apos;propertyConfigurer&apos;
   [DEBUG][main][2020-01-17 15:59:53][org.springframework.beans.factory.support.AbstractAutowireCapableBeanFactory] - Finished creating instance of bean &apos;propertyConfigurer&apos;
   [DEBUG][main][2020-01-17 15:59:53][org.springframework.beans.factory.support.DefaultSingletonBeanRegistry] - Creating shared instance of singleton bean &apos;org.springframework.context.annotation.internalAutowiredAnnotationProcessor&apos;
   [DEBUG][main][2020-01-17 15:59:53][org.springframework.beans.factory.support.AbstractAutowireCapableBeanFactory] - Creating instance of bean &apos;org.springframework.context.annotation.internalAutowiredAnnotationProcessor&apos;
   [INFO][main][2020-01-17 15:59:53][org.springframework.beans.factory.annotation.AutowiredAnnotationBeanPostProcessor] - JSR-330 &apos;javax.inject.Inject&apos; annotation found and supported for autowiring
   [DEBUG][main][2020-01-17 15:59:53][org.springframework.beans.factory.support.AbstractAutowireCapableBeanFactory] - Eagerly caching bean &apos;org.springframework.context.annotation.internalAutowiredAnnotationProcessor&apos; to allow for resolving potential circular references
   [DEBUG][main][2020-01-17 15:59:53][org.springframework.beans.factory.support.AbstractAutowireCapableBeanFactory] - Finished creating instance of bean &apos;org.springframework.context.annotation.internalAutowiredAnnotationProcessor&apos;
   [DEBUG][main][2020-01-17 15:59:53][org.springframework.beans.factory.support.DefaultSingletonBeanRegistry] - Creating shared instance of singleton bean &apos;org.springframework.context.annotation.internalRequiredAnnotationProcessor&apos;
   [DEBUG][main][2020-01-17 15:59:53][org.springframework.beans.factory.support.AbstractAutowireCapableBeanFactory] - Creating instance of bean &apos;org.springframework.context.annotation.internalRequiredAnnotationProcessor&apos;
   [DEBUG][main][2020-01-17 15:59:53][org.springframework.beans.factory.support.AbstractAutowireCapableBeanFactory] - Eagerly caching bean &apos;org.springframework.context.annotation.internalRequiredAnnotationProcessor&apos; to allow for resolving potential circular references
   [DEBUG][main][2020-01-17 15:59:53][org.springframework.beans.factory.support.AbstractAutowireCapableBeanFactory] - Finished creating instance of bean &apos;org.springframework.context.annotation.internalRequiredAnnotationProcessor&apos;
   [DEBUG][main][2020-01-17 15:59:53][org.springframework.beans.factory.support.DefaultSingletonBeanRegistry] - Creating shared instance of singleton bean &apos;org.springframework.context.annotation.internalCommonAnnotationProcessor&apos;
   [DEBUG][main][2020-01-17 15:59:53][org.springframework.beans.factory.support.AbstractAutowireCapableBeanFactory] - Creating instance of bean &apos;org.springframework.context.annotation.internalCommonAnnotationProcessor&apos;
   [DEBUG][main][2020-01-17 15:59:53][org.springframework.beans.factory.support.AbstractAutowireCapableBeanFactory] - Eagerly caching bean &apos;org.springframework.context.annotation.internalCommonAnnotationProcessor&apos; to allow for resolving potential circular references
   [DEBUG][main][2020-01-17 15:59:53][org.springframework.beans.factory.support.AbstractAutowireCapableBeanFactory] - Finished creating instance of bean &apos;org.springframework.context.annotation.internalCommonAnnotationProcessor&apos;
   [DEBUG][main][2020-01-17 15:59:53][org.springframework.beans.factory.support.DefaultSingletonBeanRegistry] - Creating shared instance of singleton bean &apos;org.springframework.context.annotation.ConfigurationClassPostProcessor.importAwareProcessor&apos;
   [DEBUG][main][2020-01-17 15:59:53][org.springframework.beans.factory.support.AbstractAutowireCapableBeanFactory] - Creating instance of bean &apos;org.springframework.context.annotation.ConfigurationClassPostProcessor.importAwareProcessor&apos;
   [DEBUG][main][2020-01-17 15:59:53][org.springframework.beans.factory.support.AbstractAutowireCapableBeanFactory] - Eagerly caching bean &apos;org.springframework.context.annotation.ConfigurationClassPostProcessor.importAwareProcessor&apos; to allow for resolving potential circular references
   [DEBUG][main][2020-01-17 15:59:53][org.springframework.beans.factory.support.AbstractAutowireCapableBeanFactory] - Finished creating instance of bean &apos;org.springframework.context.annotation.ConfigurationClassPostProcessor.importAwareProcessor&apos;
   [DEBUG][main][2020-01-17 15:59:53][org.springframework.beans.factory.support.DefaultSingletonBeanRegistry] - Creating shared instance of singleton bean &apos;org.springframework.context.annotation.ConfigurationClassPostProcessor.enhancedConfigurationProcessor&apos;
   [DEBUG][main][2020-01-17 15:59:53][org.springframework.beans.factory.support.AbstractAutowireCapableBeanFactory] - Creating instance of bean &apos;org.springframework.context.annotation.ConfigurationClassPostProcessor.enhancedConfigurationProcessor&apos;
   [DEBUG][main][2020-01-17 15:59:53][org.springframework.beans.factory.support.AbstractAutowireCapableBeanFactory] - Eagerly caching bean &apos;org.springframework.context.annotation.ConfigurationClassPostProcessor.enhancedConfigurationProcessor&apos; to allow for resolving potential circular references
   [DEBUG][main][2020-01-17 15:59:53][org.springframework.beans.factory.support.AbstractAutowireCapableBeanFactory] - Finished creating instance of bean &apos;org.springframework.context.annotation.ConfigurationClassPostProcessor.enhancedConfigurationProcessor&apos;
   [DEBUG][main][2020-01-17 15:59:53][org.springframework.beans.factory.support.DefaultSingletonBeanRegistry] - Creating shared instance of singleton bean &apos;org.springframework.aop.config.internalAutoProxyCreator&apos;
   [DEBUG][main][2020-01-17 15:59:53][org.springframework.beans.factory.support.AbstractAutowireCapableBeanFactory] - Creating instance of bean &apos;org.springframework.aop.config.internalAutoProxyCreator&apos;
   [DEBUG][main][2020-01-17 15:59:53][org.springframework.beans.factory.support.AbstractAutowireCapableBeanFactory] - Eagerly caching bean &apos;org.springframework.aop.config.internalAutoProxyCreator&apos; to allow for resolving potential circular references
   [DEBUG][main][2020-01-17 15:59:53][org.springframework.beans.factory.support.AbstractAutowireCapableBeanFactory] - Finished creating instance of bean &apos;org.springframework.aop.config.internalAutoProxyCreator&apos;
   [DEBUG][main][2020-01-17 15:59:53][org.springframework.context.support.AbstractApplicationContext] - Unable to locate MessageSource with name &apos;messageSource&apos;: using default [org.springframework.context.support.DelegatingMessageSource@43dac38f]
   [DEBUG][main][2020-01-17 15:59:53][org.springframework.context.support.AbstractApplicationContext] - Unable to locate ApplicationEventMulticaster with name &apos;applicationEventMulticaster&apos;: using default [org.springframework.context.event.SimpleApplicationEventMulticaster@7c711375]
   [DEBUG][main][2020-01-17 15:59:53][org.springframework.beans.factory.support.DefaultListableBeanFactory] - Pre-instantiating singletons in org.springframework.beans.factory.support.DefaultListableBeanFactory@1d2adfbe: defining beans [poolConfig,redisConnectionFactory,redisTemplate,smsAuthenCode,baseController,indexJspController,loginController,registerController,writeController,commentServiceImpl,roleServiceImpl,solrServiceImpl,upvoteServiceImpl,userContentServiceImpl,userServiceImpl,org.springframework.context.annotation.internalConfigurationAnnotationProcessor,org.springframework.context.annotation.internalAutowiredAnnotationProcessor,org.springframework.context.annotation.internalRequiredAnnotationProcessor,org.springframework.context.annotation.internalCommonAnnotationProcessor,org.springframework.context.event.internalEventListenerProcessor,org.springframework.context.event.internalEventListenerFactory,configProperties,propertyConfigurer,dataSource,sqlSessionFactory,org.mybatis.spring.mapper.MapperScannerConfigurer#0,transactionManager,org.springframework.transaction.config.internalTransactionalEventListenerFactory,org.springframework.aop.config.internalAutoProxyCreator,org.springframework.transaction.annotation.AnnotationTransactionAttributeSource#0,org.springframework.transaction.interceptor.TransactionInterceptor#0,org.springframework.transaction.config.internalTransactionAdvisor,amqConnectionFactory,connectionFactory,jmsQueueTemplate,org.springframework.jms.listener.DefaultMessageListenerContainer#0,httpSolrClient,org.springframework.context.annotation.ConfigurationClassPostProcessor.importAwareProcessor,org.springframework.context.annotation.ConfigurationClassPostProcessor.enhancedConfigurationProcessor,commentMapper,loginLogMapper,resourceMapper,roleMapper,roleResourceMapper,roleUserMapper,upvoteMapper,userContentMapper,userInfoMapper,userMapper]; root of factory hierarchy
   [DEBUG][main][2020-01-17 15:59:53][org.springframework.beans.factory.support.DefaultSingletonBeanRegistry] - Creating shared instance of singleton bean &apos;poolConfig&apos;
   [DEBUG][main][2020-01-17 15:59:53][org.springframework.beans.factory.support.AbstractAutowireCapableBeanFactory] - Creating instance of bean &apos;poolConfig&apos;
   [DEBUG][main][2020-01-17 15:59:53][org.springframework.beans.factory.support.AbstractAutowireCapableBeanFactory] - Eagerly caching bean &apos;poolConfig&apos; to allow for resolving potential circular references
   [DEBUG][main][2020-01-17 15:59:53][org.springframework.beans.factory.support.DefaultSingletonBeanRegistry] - Creating shared instance of singleton bean &apos;org.springframework.transaction.config.internalTransactionAdvisor&apos;
   [DEBUG][main][2020-01-17 15:59:53][org.springframework.beans.factory.support.AbstractAutowireCapableBeanFactory] - Creating instance of bean &apos;org.springframework.transaction.config.internalTransactionAdvisor&apos;
   [DEBUG][main][2020-01-17 15:59:53][org.springframework.beans.factory.support.AbstractAutowireCapableBeanFactory] - Eagerly caching bean &apos;org.springframework.transaction.config.internalTransactionAdvisor&apos; to allow for resolving potential circular references
   [DEBUG][main][2020-01-17 15:59:53][org.springframework.beans.factory.support.DefaultSingletonBeanRegistry] - Creating shared instance of singleton bean &apos;org.springframework.transaction.annotation.AnnotationTransactionAttributeSource#0&apos;
   [DEBUG][main][2020-01-17 15:59:53][org.springframework.beans.factory.support.AbstractAutowireCapableBeanFactory] - Creating instance of bean &apos;org.springframework.transaction.annotation.AnnotationTransactionAttributeSource#0&apos;
   [DEBUG][main][2020-01-17 15:59:53][org.springframework.beans.factory.support.AbstractAutowireCapableBeanFactory] - Eagerly caching bean &apos;org.springframework.transaction.annotation.AnnotationTransactionAttributeSource#0&apos; to allow for resolving potential circular references
   [DEBUG][main][2020-01-17 15:59:53][org.springframework.aop.framework.autoproxy.BeanFactoryAdvisorRetrievalHelper] - Skipping currently created advisor &apos;org.springframework.transaction.config.internalTransactionAdvisor&apos;
   [DEBUG][main][2020-01-17 15:59:53][org.springframework.beans.factory.support.AbstractAutowireCapableBeanFactory] - Finished creating instance of bean &apos;org.springframework.transaction.annotation.AnnotationTransactionAttributeSource#0&apos;
   [DEBUG][main][2020-01-17 15:59:53][org.springframework.beans.factory.support.AbstractAutowireCapableBeanFactory] - Finished creating instance of bean &apos;org.springframework.transaction.config.internalTransactionAdvisor&apos;
   [DEBUG][main][2020-01-17 15:59:53][org.springframework.beans.factory.support.AbstractAutowireCapableBeanFactory] - Finished creating instance of bean &apos;poolConfig&apos;
[...]
   </system-out>
  </testcase>
  <testcase classname="com.test.TestSolrJ" name="testSaveAll" time="3.908">
    <error message="Server refused connection at: http://localhost:8983/solr/mycore" type="org.apache.solr.client.solrj.SolrServerException">org.apache.solr.client.solrj.SolrServerException: Server refused connection at: http://localhost:8983/solr/mycore
	at org.apache.solr.client.solrj.impl.HttpSolrClient.executeMethod(HttpSolrClient.java:650)
	at org.apache.solr.client.solrj.impl.HttpSolrClient.request(HttpSolrClient.java:255)
	at org.apache.solr.client.solrj.impl.HttpSolrClient.request(HttpSolrClient.java:244)
	at org.apache.solr.client.solrj.SolrRequest.process(SolrRequest.java:194)
	at org.apache.solr.client.solrj.SolrClient.add(SolrClient.java:173)
	at org.apache.solr.client.solrj.SolrClient.add(SolrClient.java:138)
	at org.apache.solr.client.solrj.SolrClient.add(SolrClient.java:152)
	at com.test.TestSolrJ.testSaveAll(TestSolrJ.java:58)
	at sun.reflect.NativeMethodAccessorImpl.invoke0(Native Method)
	at sun.reflect.NativeMethodAccessorImpl.invoke(NativeMethodAccessorImpl.java:62)
	at sun.reflect.DelegatingMethodAccessorImpl.invoke(DelegatingMethodAccessorImpl.java:43)
	at java.lang.reflect.Method.invoke(Method.java:498)
	at org.junit.runners.model.FrameworkMethod$1.runReflectiveCall(FrameworkMethod.java:50)
	at org.junit.internal.runners.model.ReflectiveCallable.run(ReflectiveCallable.java:12)
	at org.junit.runners.model.FrameworkMethod.invokeExplosively(FrameworkMethod.java:47)
	at org.junit.internal.runners.statements.InvokeMethod.evaluate(InvokeMethod.java:17)
	at org.springframework.test.context.junit4.statements.RunBeforeTestMethodCallbacks.evaluate(RunBeforeTestMethodCallbacks.java:75)
	at org.springframework.test.context.junit4.statements.RunAfterTestMethodCallbacks.evaluate(RunAfterTestMethodCallbacks.java:86)
	at org.springframework.test.context.junit4.statements.SpringRepeat.evaluate(SpringRepeat.java:84)
	at org.junit.runners.ParentRunner.runLeaf(ParentRunner.java:325)
	at org.springframework.test.context.junit4.SpringJUnit4ClassRunner.runChild(SpringJUnit4ClassRunner.java:254)
	at org.springframework.test.context.junit4.SpringJUnit4ClassRunner.runChild(SpringJUnit4ClassRunner.java:89)
	at org.junit.runners.ParentRunner$3.run(ParentRunner.java:290)
	at org.junit.runners.ParentRunner$1.schedule(ParentRunner.java:71)
	at org.junit.runners.ParentRunner.runChildren(ParentRunner.java:288)
	at org.junit.runners.ParentRunner.access$000(ParentRunner.java:58)
	at org.junit.runners.ParentRunner$2.evaluate(ParentRunner.java:268)
	at org.springframework.test.context.junit4.statements.RunBeforeTestClassCallbacks.evaluate(RunBeforeTestClassCallbacks.java:61)
	at org.springframework.test.context.junit4.statements.RunAfterTestClassCallbacks.evaluate(RunAfterTestClassCallbacks.java:70)
	at org.junit.runners.ParentRunner.run(ParentRunner.java:363)
	at org.springframework.test.context.junit4.SpringJUnit4ClassRunner.run(SpringJUnit4ClassRunner.java:193)
	at org.apache.maven.surefire.junit4.JUnit4Provider.execute(JUnit4Provider.java:252)
	at org.apache.maven.surefire.junit4.JUnit4Provider.executeTestSet(JUnit4Provider.java:141)
	at org.apache.maven.surefire.junit4.JUnit4Provider.invoke(JUnit4Provider.java:112)
	at sun.reflect.NativeMethodAccessorImpl.invoke0(Native Method)
	at sun.reflect.NativeMethodAccessorImpl.invoke(NativeMethodAccessorImpl.java:62)
	at sun.reflect.DelegatingMethodAccessorImpl.invoke(DelegatingMethodAccessorImpl.java:43)
	at java.lang.reflect.Method.invoke(Method.java:498)
	at org.apache.maven.surefire.util.ReflectionUtils.invokeMethodWithArray(ReflectionUtils.java:189)
	at org.apache.maven.surefire.booter.ProviderFactory$ProviderProxy.invoke(ProviderFactory.java:165)
	at org.apache.maven.surefire.booter.ProviderFactory.invokeProvider(ProviderFactory.java:85)
	at org.apache.maven.surefire.booter.ForkedBooter.runSuitesInProcess(ForkedBooter.java:115)
	at org.apache.maven.surefire.booter.ForkedBooter.main(ForkedBooter.java:75)
Caused by: org.apache.http.conn.HttpHostConnectException: Connect to localhost:8983 [localhost/127.0.0.1, localhost/0:0:0:0:0:0:0:1] failed: Connection refused: connect
	at org.apache.http.impl.conn.DefaultHttpClientConnectionOperator.connect(DefaultHttpClientConnectionOperator.java:159)
	at org.apache.http.impl.conn.PoolingHttpClientConnectionManager.connect(PoolingHttpClientConnectionManager.java:359)
	at org.apache.http.impl.execchain.MainClientExec.establishRoute(MainClientExec.java:381)
	at org.apache.http.impl.execchain.MainClientExec.execute(MainClientExec.java:237)
	at org.apache.http.impl.execchain.ProtocolExec.execute(ProtocolExec.java:185)
	at org.apache.http.impl.execchain.RetryExec.execute(RetryExec.java:89)
	at org.apache.http.impl.execchain.RedirectExec.execute(RedirectExec.java:111)
	at org.apache.http.impl.client.InternalHttpClient.doExecute(InternalHttpClient.java:185)
	at org.apache.http.impl.client.CloseableHttpClient.execute(CloseableHttpClient.java:83)
	at org.apache.http.impl.client.CloseableHttpClient.execute(CloseableHttpClient.java:56)
	at org.apache.solr.client.solrj.impl.HttpSolrClient.executeMethod(HttpSolrClient.java:542)
	... 42 more
Caused by: java.net.ConnectException: Connection refused: connect
	at java.net.DualStackPlainSocketImpl.waitForConnect(Native Method)
	at java.net.DualStackPlainSocketImpl.socketConnect(DualStackPlainSocketImpl.java:85)
	at java.net.AbstractPlainSocketImpl.doConnect(AbstractPlainSocketImpl.java:350)
	at java.net.AbstractPlainSocketImpl.connectToAddress(AbstractPlainSocketImpl.java:206)
	at java.net.AbstractPlainSocketImpl.connect(AbstractPlainSocketImpl.java:188)
	at java.net.PlainSocketImpl.connect(PlainSocketImpl.java:172)
	at java.net.SocksSocketImpl.connect(SocksSocketImpl.java:392)
	at java.net.Socket.connect(Socket.java:589)
	at org.apache.http.conn.socket.PlainConnectionSocketFactory.connectSocket(PlainConnectionSocketFactory.java:75)
	at org.apache.http.impl.conn.DefaultHttpClientConnectionOperator.connect(DefaultHttpClientConnectionOperator.java:142)
	... 52 more
</error>
    <system-out>[DEBUG][main][2020-01-17 16:00:02][org.springframework.test.annotation.ProfileValueUtils] - Retrieved @ProfileValueSourceConfiguration [null] for test class [com.test.TestSolrJ]
   [DEBUG][main][2020-01-17 16:00:02][org.springframework.test.annotation.ProfileValueUtils] - Retrieved ProfileValueSource type [class org.springframework.test.annotation.SystemProfileValueSource] for class [com.test.TestSolrJ]
   [DEBUG][main][2020-01-17 16:00:02][org.springframework.test.context.support.DependencyInjectionTestExecutionListener] - Performing dependency injection for test context [[DefaultTestContext@35d176f7 testClass = TestSolrJ, testInstance = com.test.TestSolrJ@21c64522, testMethod = [null], testException = [null], mergedContextConfiguration = [MergedContextConfiguration@1dfe2924 testClass = TestSolrJ, locations = &apos;{classpath:applicationContext-redis.xml, classpath:spring-mybatis.xml, classpath:applicationContext-activemq.xml, classpath:applicationContext-solr.xml}&apos;, classes = &apos;{}&apos;, contextInitializerClasses = &apos;[]&apos;, activeProfiles = &apos;{}&apos;, propertySourceLocations = &apos;{}&apos;, propertySourceProperties = &apos;{}&apos;, contextLoader = &apos;org.springframework.test.context.support.DelegatingSmartContextLoader&apos;, parent = [null]]]].
   [DEBUG][main][2020-01-17 16:00:02][org.springframework.test.context.cache.DefaultCacheAwareContextLoaderDelegate] - Retrieved ApplicationContext from cache with key [[MergedContextConfiguration@1dfe2924 testClass = TestSolrJ, locations = &apos;{classpath:applicationContext-redis.xml, classpath:spring-mybatis.xml, classpath:applicationContext-activemq.xml, classpath:applicationContext-solr.xml}&apos;, classes = &apos;{}&apos;, contextInitializerClasses = &apos;[]&apos;, activeProfiles = &apos;{}&apos;, propertySourceLocations = &apos;{}&apos;, propertySourceProperties = &apos;{}&apos;, contextLoader = &apos;org.springframework.test.context.support.DelegatingSmartContextLoader&apos;, parent = [null]]]
   [DEBUG][main][2020-01-17 16:00:02][org.springframework.test.context.cache.DefaultContextCache] - Spring test ApplicationContext cache statistics: [DefaultContextCache@319988b0 size = 1, parentContextCount = 0, hitCount = 1, missCount = 1]
   [DEBUG][main][2020-01-17 16:00:02][org.springframework.beans.factory.annotation.InjectionMetadata] - Processing injected element of bean &apos;com.test.TestSolrJ&apos;: AutowiredFieldElement for private org.apache.solr.client.solrj.SolrClient com.test.TestSolrJ.solrServer
   [DEBUG][main][2020-01-17 16:00:02][org.springframework.beans.factory.support.AbstractBeanFactory] - Returning cached instance of singleton bean &apos;httpSolrClient&apos;
   [DEBUG][main][2020-01-17 16:00:02][org.springframework.beans.factory.annotation.InjectionMetadata] - Processing injected element of bean &apos;com.test.TestSolrJ&apos;: AutowiredFieldElement for private yuan.boke.www.service.UserContentService com.test.TestSolrJ.userContentService
   [DEBUG][main][2020-01-17 16:00:02][org.springframework.beans.factory.support.AbstractBeanFactory] - Returning cached instance of singleton bean &apos;userContentServiceImpl&apos;
   [DEBUG][main][2020-01-17 16:00:02][org.springframework.test.context.support.AbstractDirtiesContextTestExecutionListener] - Before test method: context [DefaultTestContext@35d176f7 testClass = TestSolrJ, testInstance = com.test.TestSolrJ@21c64522, testMethod = testSaveAll@TestSolrJ, testException = [null], mergedContextConfiguration = [MergedContextConfiguration@1dfe2924 testClass = TestSolrJ, locations = &apos;{classpath:applicationContext-redis.xml, classpath:spring-mybatis.xml, classpath:applicationContext-activemq.xml, classpath:applicationContext-solr.xml}&apos;, classes = &apos;{}&apos;, contextInitializerClasses = &apos;[]&apos;, activeProfiles = &apos;{}&apos;, propertySourceLocations = &apos;{}&apos;, propertySourceProperties = &apos;{}&apos;, contextLoader = &apos;org.springframework.test.context.support.DelegatingSmartContextLoader&apos;, parent = [null]]], class annotated with @DirtiesContext [false] with mode [null], method annotated with @DirtiesContext [false] with mode [null].
   [DEBUG][main][2020-01-17 16:00:02][org.mybatis.spring.SqlSessionUtils] - Creating a new SqlSession
   [DEBUG][main][2020-01-17 16:00:02][org.mybatis.spring.SqlSessionUtils] - SqlSession [org.apache.ibatis.session.defaults.DefaultSqlSession@66971f6b] was not registered for synchronization because synchronization is not active
   [DEBUG][main][2020-01-17 16:00:02][org.springframework.jdbc.datasource.DataSourceUtils] - Fetching JDBC Connection from DataSource
   [DEBUG][main][2020-01-17 16:00:04][org.mybatis.spring.transaction.SpringManagedTransaction] - JDBC Connection [jdbc:mysql://localhost:3306/boke?useUnicode=true&amp;characterEncoding=utf-8&amp;zeroDateTimeBehavior=convertToNull, UserName=hap_dev@localhost, MySQL Connector Java] will not be managed by Spring
   [DEBUG][main][2020-01-17 16:00:04][org.apache.ibatis.logging.jdbc.BaseJdbcLogger] - ==&gt;  Preparing: SELECT id,u_Id uId,title,category,personal,rpt_Time rptTime,img_Url imgUrl,nick_Name nickName,upvote,downvote,comment_Num commentNum,content FROM User_Content 
   [DEBUG][main][2020-01-17 16:00:04][org.apache.ibatis.logging.jdbc.BaseJdbcLogger] - ==&gt; Parameters: 
   [DEBUG][main][2020-01-17 16:00:04][org.apache.ibatis.logging.jdbc.BaseJdbcLogger] - &lt;==      Total: 18
   [DEBUG][main][2020-01-17 16:00:04][org.mybatis.spring.SqlSessionUtils] - Closing non transactional SqlSession [org.apache.ibatis.session.defaults.DefaultSqlSession@66971f6b]
   [DEBUG][main][2020-01-17 16:00:04][org.springframework.jdbc.datasource.DataSourceUtils] - Returning JDBC Connection to DataSource
   [DEBUG][main][2020-01-17 16:00:04][org.apache.http.client.protocol.RequestAddCookies] - CookieSpec selected: default
   [DEBUG][main][2020-01-17 16:00:04][org.apache.http.client.protocol.RequestAuthCache] - Auth cache not set in the context
   [DEBUG][main][2020-01-17 16:00:04][org.apache.http.impl.conn.PoolingHttpClientConnectionManager] - Connection request: [route: {}-&gt;http://localhost:8983][state: class org.apache.solr.client.solrj.impl.HttpSolrClient][total kept alive: 0; route allocated: 0 of 10000; total allocated: 0 of 10000]
   [DEBUG][main][2020-01-17 16:00:04][org.apache.http.impl.conn.PoolingHttpClientConnectionManager] - Connection leased: [id: 1][route: {}-&gt;http://localhost:8983][total kept alive: 0; route allocated: 1 of 10000; total allocated: 1 of 10000]
   [DEBUG][main][2020-01-17 16:00:04][org.apache.http.impl.execchain.MainClientExec] - Opening connection {}-&gt;http://localhost:8983
   [DEBUG][main][2020-01-17 16:00:04][org.apache.http.impl.conn.DefaultHttpClientConnectionOperator] - Connecting to localhost/127.0.0.1:8983
   [INFO][org.springframework.jms.listener.DefaultMessageListenerContainer#0-1][2020-01-17 16:00:05][org.springframework.jms.listener.DefaultMessageListenerContainer] - JMS message listener invoker needs to establish shared Connection
   [DEBUG][main][2020-01-17 16:00:05][org.apache.http.impl.conn.DefaultHttpClientConnectionOperator] - Connect to localhost/127.0.0.1:8983 timed out. Connection will be retried using another IP address
   [DEBUG][main][2020-01-17 16:00:05][org.apache.http.impl.conn.DefaultHttpClientConnectionOperator] - Connecting to localhost/0:0:0:0:0:0:0:1:8983
   [DEBUG][org.springframework.jms.listener.DefaultMessageListenerContainer#0-1][2020-01-17 16:00:06][org.apache.activemq.transport.tcp.TcpTransport] - Stopping transport tcp://null:0
   [ERROR][org.springframework.jms.listener.DefaultMessageListenerContainer#0-1][2020-01-17 16:00:06][org.springframework.jms.listener.DefaultMessageListenerContainer] - Could not refresh JMS Connection for destination &apos;login_msg&apos; - retrying using FixedBackOff{interval=5000, currentAttempts=0, maxAttempts=unlimited}. Cause: Could not connect to broker URL: tcp://localhost:61616. Reason: java.net.ConnectException: Connection refused: connect
   javax.jms.JMSException: Could not connect to broker URL: tcp://localhost:61616. Reason: java.net.ConnectException: Connection refused: connect
	at org.apache.activemq.util.JMSExceptionSupport.create(JMSExceptionSupport.java:35)
	at org.apache.activemq.ActiveMQConnectionFactory.createActiveMQConnection(ActiveMQConnectionFactory.java:280)
	at org.apache.activemq.ActiveMQConnectionFactory.createActiveMQConnection(ActiveMQConnectionFactory.java:224)
	at org.apache.activemq.ActiveMQConnectionFactory.createConnection(ActiveMQConnectionFactory.java:172)
	at org.springframework.jms.connection.SingleConnectionFactory.doCreateConnection(SingleConnectionFactory.java:365)
	at org.springframework.jms.connection.SingleConnectionFactory.initConnection(SingleConnectionFactory.java:305)
	at org.springframework.jms.connection.SingleConnectionFactory.getConnection(SingleConnectionFactory.java:283)
	at org.springframework.jms.connection.SingleConnectionFactory.createConnection(SingleConnectionFactory.java:224)
	at org.springframework.jms.support.JmsAccessor.createConnection(JmsAccessor.java:180)
	at org.springframework.jms.listener.AbstractJmsListeningContainer.createSharedConnection(AbstractJmsListeningContainer.java:413)
	at org.springframework.jms.listener.AbstractJmsListeningContainer.refreshSharedConnection(AbstractJmsListeningContainer.java:398)
	at org.springframework.jms.listener.DefaultMessageListenerContainer.refreshConnectionUntilSuccessful(DefaultMessageListenerContainer.java:919)
	at org.springframework.jms.listener.DefaultMessageListenerContainer.recoverAfterListenerSetupFailure(DefaultMessageListenerContainer.java:893)
	at org.springframework.jms.listener.DefaultMessageListenerContainer$AsyncMessageListenerInvoker.run(DefaultMessageListenerContainer.java:1069)
	at java.lang.Thread.run(Thread.java:748)
Caused by: java.net.ConnectException: Connection refused: connect
	at java.net.DualStackPlainSocketImpl.waitForConnect(Native Method)
	at java.net.DualStackPlainSocketImpl.socketConnect(DualStackPlainSocketImpl.java:85)
	at java.net.AbstractPlainSocketImpl.doConnect(AbstractPlainSocketImpl.java:350)
	at java.net.AbstractPlainSocketImpl.connectToAddress(AbstractPlainSocketImpl.java:206)
	at java.net.AbstractPlainSocketImpl.connect(AbstractPlainSocketImpl.java:188)
	at java.net.PlainSocketImpl.connect(PlainSocketImpl.java:172)
	at java.net.SocksSocketImpl.connect(SocksSocketImpl.java:392)
	at java.net.Socket.connect(Socket.java:589)
	at org.apache.activemq.transport.tcp.TcpTransport.connect(TcpTransport.java:435)
	at org.apache.activemq.transport.tcp.TcpTransport.doStart(TcpTransport.java:401)
	at org.apache.activemq.util.ServiceSupport.start(ServiceSupport.java:53)
	at org.apache.activemq.transport.TransportFilter.start(TransportFilter.java:57)
	at org.apache.activemq.transport.TransportFilter.start(TransportFilter.java:57)
	at org.apache.activemq.transport.WireFormatNegotiator.start(WireFormatNegotiator.java:72)
	at org.apache.activemq.transport.TransportFilter.start(TransportFilter.java:57)
	at org.apache.activemq.transport.TransportFilter.start(TransportFilter.java:57)
	at org.apache.activemq.ActiveMQConnectionFactory.createActiveMQConnection(ActiveMQConnectionFactory.java:260)
	... 13 more
[DEBUG][main][2020-01-17 16:00:06][org.apache.http.impl.conn.LoggingManagedHttpClientConnection] - http-outgoing-1: Shutdown connection
   [DEBUG][main][2020-01-17 16:00:06][org.apache.http.impl.execchain.ConnectionHolder] - Connection discarded
   [DEBUG][main][2020-01-17 16:00:06][org.apache.http.impl.conn.PoolingHttpClientConnectionManager] - Connection released: [id: 1][route: {}-&gt;http://localhost:8983][total kept alive: 0; route allocated: 0 of 10000; total allocated: 0 of 10000]
   [DEBUG][main][2020-01-17 16:00:06][org.apache.solr.client.solrj.impl.SolrHttpRequestRetryHandler] - Retry http request 1 out of 3
   [DEBUG][main][2020-01-17 16:00:06][org.apache.solr.client.solrj.impl.SolrHttpRequestRetryHandler] - Do not retry, non retriable class org.apache.http.conn.HttpHostConnectException
   [DEBUG][main][2020-01-17 16:00:06][org.springframework.test.context.support.AbstractDirtiesContextTestExecutionListener] - After test method: context [DefaultTestContext@35d176f7 testClass = TestSolrJ, testInstance = com.test.TestSolrJ@21c64522, testMethod = testSaveAll@TestSolrJ, testException = org.apache.solr.client.solrj.SolrServerException: Server refused connection at: http://localhost:8983/solr/mycore, mergedContextConfiguration = [MergedContextConfiguration@1dfe2924 testClass = TestSolrJ, locations = &apos;{classpath:applicationContext-redis.xml, classpath:spring-mybatis.xml, classpath:applicationContext-activemq.xml, classpath:applicationContext-solr.xml}&apos;, classes = &apos;{}&apos;, contextInitializerClasses = &apos;[]&apos;, activeProfiles = &apos;{}&apos;, propertySourceLocations = &apos;{}&apos;, propertySourceProperties = &apos;{}&apos;, contextLoader = &apos;org.springframework.test.context.support.DelegatingSmartContextLoader&apos;, parent = [null]]], class annotated with @DirtiesContext [false] with mode [null], method annotated with @DirtiesContext [false] with mode [null].
   </system-out>
  </testcase>
  <testcase classname="com.test.TestSolrJ" name="saltPassword" time="0.006"/>
</testsuite>